2022-12-11 22:54:34.423 [info] Log level: Info
2022-12-11 22:54:34.423 [info] Validating found git in: "git"
2022-12-11 22:54:34.423 [info] Using git "2.25.1" from "git"
2022-12-11 22:54:34.424 [info] > git rev-parse --show-toplevel [2207ms]
2022-12-11 22:54:34.424 [info] > git rev-parse --git-dir --git-common-dir [9ms]
2022-12-11 22:54:34.424 [info] Open repository: /home/gabrielardevol/three_pigs
2022-12-11 22:54:34.425 [info] > git rev-parse --show-toplevel [43ms]
2022-12-11 22:54:34.475 [info] > git rev-parse --show-toplevel [36ms]
2022-12-11 22:54:34.508 [info] > git config --get commit.template [96ms]
2022-12-11 22:54:34.531 [info] > git rev-parse --show-toplevel [44ms]
2022-12-11 22:54:34.550 [info] > git for-each-ref --format=%(refname)%00%(upstream:short)%00%(objectname)%00%(upstream:track)%00%(upstream:remotename)%00%(upstream:remoteref) refs/heads/main refs/remotes/main [5ms]
2022-12-11 22:54:34.579 [info] > git status -z -uall [17ms]
2022-12-11 22:54:34.715 [info] > git for-each-ref --sort -committerdate --format %(refname) %(objectname) %(*objectname) [136ms]
2022-12-11 22:54:34.867 [info] > git config --get commit.template [90ms]
2022-12-11 22:54:34.895 [info] > git for-each-ref --format=%(refname)%00%(upstream:short)%00%(objectname)%00%(upstream:track)%00%(upstream:remotename)%00%(upstream:remoteref) refs/heads/main refs/remotes/main [12ms]
2022-12-11 22:54:34.928 [info] > git status -z -uall [15ms]
2022-12-11 22:54:34.929 [info] > git for-each-ref --sort -committerdate --format %(refname) %(objectname) %(*objectname) [7ms]
2022-12-11 22:54:35.019 [info] > git check-ignore -v -z --stdin [8ms]
2022-12-11 22:54:35.360 [info] > git show --textconv :view/house_game_view.rb [289ms]
2022-12-11 22:54:35.360 [info] > git show --textconv :view/house_game_controller.rb [276ms]
2022-12-11 22:54:35.361 [info] > git ls-files --stage -- /home/gabrielardevol/three_pigs/view/house_game_view.rb [253ms]
2022-12-11 22:54:35.373 [info] > git ls-files --stage -- /home/gabrielardevol/three_pigs/view/house_game_controller.rb [256ms]
2022-12-11 22:54:35.384 [info] > git cat-file -s 81add40074c37fda223e4c39fc2cb7b0e55788ef [15ms]
2022-12-11 22:54:35.398 [info] > git cat-file -s 93bc4c8393e7a24320ebc2135e21ee7225f979ca [14ms]
2022-12-11 22:56:31.043 [info] > git show --textconv :view/app.rb [13ms]
2022-12-11 22:56:31.046 [info] > git ls-files --stage -- /home/gabrielardevol/three_pigs/view/app.rb [5ms]
2022-12-11 22:56:31.071 [info] > git cat-file -s 5936976892dbbd7b58562476dbe7577dc3837df2 [3ms]
2022-12-11 22:57:04.396 [info] > git ls-files --stage -- /home/gabrielardevol/three_pigs/view/image_repository.rb [1ms]
2022-12-11 22:57:04.425 [info] > git cat-file -s 9f1cb2184580708bc4b87bca19b4b1f043d0f809 [19ms]
2022-12-11 22:57:04.426 [info] > git show --textconv :view/image_repository.rb [50ms]
2022-12-11 22:57:45.369 [info] > git check-ignore -v -z --stdin [5ms]
2022-12-11 22:57:46.847 [info] > git config --get commit.template [18ms]
2022-12-11 22:57:46.852 [info] > git for-each-ref --format=%(refname)%00%(upstream:short)%00%(objectname)%00%(upstream:track)%00%(upstream:remotename)%00%(upstream:remoteref) refs/heads/main refs/remotes/main [8ms]
2022-12-11 22:57:46.880 [info] > git status -z -uall [18ms]
2022-12-11 22:57:46.884 [info] > git for-each-ref --sort -committerdate --format %(refname) %(objectname) %(*objectname) [10ms]
2022-12-11 22:57:55.444 [info] > git check-ignore -v -z --stdin [3ms]
2022-12-11 22:57:59.602 [info] > git config --get commit.template [5ms]
2022-12-11 22:57:59.626 [info] > git for-each-ref --format=%(refname)%00%(upstream:short)%00%(objectname)%00%(upstream:track)%00%(upstream:remotename)%00%(upstream:remoteref) refs/heads/main refs/remotes/main [11ms]
2022-12-11 22:57:59.650 [info] > git status -z -uall [14ms]
2022-12-11 22:57:59.657 [info] > git for-each-ref --sort -committerdate --format %(refname) %(objectname) %(*objectname) [7ms]
2022-12-11 22:58:13.227 [info] > git config --get commit.template [8ms]
2022-12-11 22:58:13.228 [info] > git for-each-ref --format=%(refname)%00%(upstream:short)%00%(objectname)%00%(upstream:track)%00%(upstream:remotename)%00%(upstream:remoteref) refs/heads/main refs/remotes/main [2ms]
2022-12-11 22:58:13.240 [info] > git status -z -uall [6ms]
2022-12-11 22:58:13.241 [info] > git for-each-ref --sort -committerdate --format %(refname) %(objectname) %(*objectname) [2ms]
2022-12-11 22:58:36.120 [info] > git config --get commit.template [6ms]
2022-12-11 22:58:36.137 [info] > git for-each-ref --format=%(refname)%00%(upstream:short)%00%(objectname)%00%(upstream:track)%00%(upstream:remotename)%00%(upstream:remoteref) refs/heads/main refs/remotes/main [7ms]
2022-12-11 22:58:36.171 [info] > git status -z -uall [15ms]
2022-12-11 22:58:36.171 [info] > git for-each-ref --sort -committerdate --format %(refname) %(objectname) %(*objectname) [4ms]
2022-12-11 22:58:41.233 [info] > git config --get commit.template [8ms]
2022-12-11 22:58:41.234 [info] > git for-each-ref --format=%(refname)%00%(upstream:short)%00%(objectname)%00%(upstream:track)%00%(upstream:remotename)%00%(upstream:remoteref) refs/heads/main refs/remotes/main [2ms]
2022-12-11 22:58:41.249 [info] > git status -z -uall [7ms]
2022-12-11 22:58:41.250 [info] > git for-each-ref --sort -committerdate --format %(refname) %(objectname) %(*objectname) [2ms]
2022-12-11 22:58:48.439 [info] > git check-ignore -v -z --stdin [1ms]
2022-12-11 22:58:57.976 [info] > git check-ignore -v -z --stdin [9ms]
2022-12-11 22:58:58.786 [info] > git config --get commit.template [1ms]
2022-12-11 22:58:58.802 [info] > git for-each-ref --format=%(refname)%00%(upstream:short)%00%(objectname)%00%(upstream:track)%00%(upstream:remotename)%00%(upstream:remoteref) refs/heads/main refs/remotes/main [7ms]
2022-12-11 22:58:58.820 [info] > git status -z -uall [9ms]
2022-12-11 22:58:58.827 [info] > git for-each-ref --sort -committerdate --format %(refname) %(objectname) %(*objectname) [8ms]
2022-12-11 22:59:03.877 [info] > git config --get commit.template [15ms]
2022-12-11 22:59:03.879 [info] > git for-each-ref --format=%(refname)%00%(upstream:short)%00%(objectname)%00%(upstream:track)%00%(upstream:remotename)%00%(upstream:remoteref) refs/heads/main refs/remotes/main [3ms]
2022-12-11 22:59:03.914 [info] > git status -z -uall [21ms]
2022-12-11 22:59:03.917 [info] > git for-each-ref --sort -committerdate --format %(refname) %(objectname) %(*objectname) [10ms]
2022-12-11 23:00:57.160 [info] > git ls-files --stage -- /home/gabrielardevol/three_pigs/view/game_controller.rb [2ms]
2022-12-11 23:00:57.206 [info] > git show --textconv :view/game_controller.rb [59ms]
2022-12-11 23:00:57.210 [info] > git cat-file -s 6b429d7688f9c65dcc53d47e23264f09c70be737 [39ms]
2022-12-11 23:01:06.402 [info] > git ls-files --stage -- /home/gabrielardevol/three_pigs/view/game.rb [2ms]
2022-12-11 23:01:06.434 [info] > git show --textconv :view/game.rb [44ms]
2022-12-11 23:01:06.434 [info] > git cat-file -s 37e4dcb17f348109f01ad06b5abe9eb548cf7a72 [24ms]
2022-12-11 23:01:19.644 [info] > git ls-files --stage -- /home/gabrielardevol/three_pigs/view/test.rb [4ms]
2022-12-11 23:01:19.671 [info] > git show --textconv :view/test.rb [46ms]
2022-12-11 23:01:19.671 [info] > git cat-file -s 6636ca0c6812539f83290c5e74195d9f3cec9764 [14ms]
2022-12-11 23:01:27.848 [info] > git ls-files --stage -- /home/gabrielardevol/three_pigs/view/test2.rb [2ms]
2022-12-11 23:01:27.880 [info] > git show --textconv :view/test2.rb [43ms]
2022-12-11 23:01:27.881 [info] > git cat-file -s 293afa491a5b09fac93d267246fecf9520d48a36 [22ms]
2022-12-11 23:01:44.643 [info] > git config --get commit.template [15ms]
2022-12-11 23:01:44.645 [info] > git for-each-ref --format=%(refname)%00%(upstream:short)%00%(objectname)%00%(upstream:track)%00%(upstream:remotename)%00%(upstream:remoteref) refs/heads/main refs/remotes/main [6ms]
2022-12-11 23:01:44.668 [info] > git status -z -uall [11ms]
2022-12-11 23:01:44.671 [info] > git for-each-ref --sort -committerdate --format %(refname) %(objectname) %(*objectname) [3ms]
2022-12-11 23:02:15.486 [info] > git show --textconv :view/run_game_controller.rb [15ms]
2022-12-11 23:02:15.489 [info] > git ls-files --stage -- /home/gabrielardevol/three_pigs/view/run_game_controller.rb [5ms]
2022-12-11 23:02:15.688 [info] > git check-ignore -v -z --stdin [2ms]
2022-12-11 23:02:16.125 [info] > git config --get commit.template [1ms]
2022-12-11 23:02:16.132 [info] > git for-each-ref --format=%(refname)%00%(upstream:short)%00%(objectname)%00%(upstream:track)%00%(upstream:remotename)%00%(upstream:remoteref) refs/heads/main refs/remotes/main [2ms]
2022-12-11 23:02:16.147 [info] > git status -z -uall [8ms]
2022-12-11 23:02:16.149 [info] > git for-each-ref --sort -committerdate --format %(refname) %(objectname) %(*objectname) [2ms]
2022-12-11 23:02:28.753 [info] > git config --get commit.template [4ms]
2022-12-11 23:02:28.769 [info] > git for-each-ref --format=%(refname)%00%(upstream:short)%00%(objectname)%00%(upstream:track)%00%(upstream:remotename)%00%(upstream:remoteref) refs/heads/main refs/remotes/main [4ms]
2022-12-11 23:02:28.801 [info] > git status -z -uall [17ms]
2022-12-11 23:02:28.805 [info] > git for-each-ref --sort -committerdate --format %(refname) %(objectname) %(*objectname) [6ms]
2022-12-11 23:06:16.826 [info] > git config --get commit.template [5ms]
2022-12-11 23:06:16.846 [info] > git for-each-ref --format=%(refname)%00%(upstream:short)%00%(objectname)%00%(upstream:track)%00%(upstream:remotename)%00%(upstream:remoteref) refs/heads/main refs/remotes/main [4ms]
2022-12-11 23:06:16.881 [info] > git status -z -uall [16ms]
2022-12-11 23:06:16.885 [info] > git for-each-ref --sort -committerdate --format %(refname) %(objectname) %(*objectname) [6ms]
2022-12-11 23:06:44.818 [info] > git check-ignore -v -z --stdin [4ms]
2022-12-11 23:06:58.792 [info] > git check-ignore -v -z --stdin [4ms]
2022-12-11 23:07:03.621 [info] > git check-ignore -v -z --stdin [4ms]
2022-12-11 23:07:14.382 [info] > git check-ignore -v -z --stdin [7ms]
2022-12-11 23:07:23.408 [info] > git check-ignore -v -z --stdin [5ms]
2022-12-11 23:07:42.135 [info] > git check-ignore -v -z --stdin [5ms]
2022-12-11 23:08:11.601 [info] > git config --get commit.template [16ms]
2022-12-11 23:08:11.606 [info] > git for-each-ref --format=%(refname)%00%(upstream:short)%00%(objectname)%00%(upstream:track)%00%(upstream:remotename)%00%(upstream:remoteref) refs/heads/main refs/remotes/main [7ms]
2022-12-11 23:08:11.623 [info] > git status -z -uall [9ms]
2022-12-11 23:08:11.625 [info] > git for-each-ref --sort -committerdate --format %(refname) %(objectname) %(*objectname) [3ms]
2022-12-11 23:08:14.146 [info] > git show --textconv :game_view.rb [11ms]
2022-12-11 23:08:14.148 [info] > git ls-files --stage -- /home/gabrielardevol/three_pigs/game_view.rb [4ms]
2022-12-11 23:08:16.661 [info] > git config --get commit.template [8ms]
2022-12-11 23:08:16.683 [info] > git for-each-ref --format=%(refname)%00%(upstream:short)%00%(objectname)%00%(upstream:track)%00%(upstream:remotename)%00%(upstream:remoteref) refs/heads/main refs/remotes/main [4ms]
2022-12-11 23:08:16.747 [info] > git status -z -uall [31ms]
2022-12-11 23:08:16.757 [info] > git for-each-ref --sort -committerdate --format %(refname) %(objectname) %(*objectname) [13ms]
2022-12-11 23:13:27.940 [info] > git check-ignore -v -z --stdin [2ms]
2022-12-11 23:13:40.313 [info] > git add -A -- . [9ms]
2022-12-11 23:13:40.353 [info] > git -c user.useConfigOnly=true commit --quiet --allow-empty-message --file - [26ms]
2022-12-11 23:13:40.366 [info] > git config --get commit.template [2ms]
2022-12-11 23:13:40.387 [info] > git config --get commit.template [1ms]
2022-12-11 23:13:40.402 [info] > git for-each-ref --format=%(refname)%00%(upstream:short)%00%(objectname)%00%(upstream:track)%00%(upstream:remotename)%00%(upstream:remoteref) refs/heads/main refs/remotes/main [3ms]
2022-12-11 23:13:40.429 [info] > git status -z -uall [15ms]
2022-12-11 23:13:40.440 [info] > git for-each-ref --sort -committerdate --format %(refname) %(objectname) %(*objectname) [12ms]
2022-12-11 23:13:41.023 [info] > git config --get commit.template [4ms]
2022-12-11 23:13:41.033 [info] > git for-each-ref --format=%(refname)%00%(upstream:short)%00%(objectname)%00%(upstream:track)%00%(upstream:remotename)%00%(upstream:remoteref) refs/heads/main refs/remotes/main [2ms]
2022-12-11 23:13:41.073 [info] > git status -z -uall [30ms]
2022-12-11 23:13:41.075 [info] > git for-each-ref --sort -committerdate --format %(refname) %(objectname) %(*objectname) [1ms]
2022-12-11 23:13:41.625 [info] > git ls-files --stage -- /home/gabrielardevol/three_pigs/game_view.rb [2ms]
2022-12-11 23:13:41.637 [info] > git cat-file -s 47e33b3ca537f08728850364d42aa54926d5e137 [3ms]
2022-12-11 23:13:41.656 [info] > git show --textconv :game_view.rb [2ms]
2022-12-11 23:13:43.051 [info] > git log --oneline --cherry main...main@{upstream} -- [3ms]
2022-12-11 23:13:44.275 [info] > git ls-files --stage -- /home/gabrielardevol/three_pigs/game_view.rb [7ms]
2022-12-11 23:13:44.288 [info] > git cat-file -s 47e33b3ca537f08728850364d42aa54926d5e137 [2ms]
2022-12-11 23:13:44.310 [info] > git show --textconv :game_view.rb [3ms]
2022-12-11 23:13:44.884 [info] > git pull --tags origin main [1823ms]
2022-12-11 23:13:44.884 [info] From github.com:gabrielardevol/3p
 * branch            main       -> FETCH_HEAD
2022-12-11 23:13:45.183 [info] > git push origin main:main [2109ms]
2022-12-11 23:13:45.183 [info] To github.com:gabrielardevol/3p.git
   0b3dabc..06fe0d8  main -> main
2022-12-11 23:13:45.207 [info] > git config --get commit.template [13ms]
2022-12-11 23:13:45.208 [info] > git for-each-ref --format=%(refname)%00%(upstream:short)%00%(objectname)%00%(upstream:track)%00%(upstream:remotename)%00%(upstream:remoteref) refs/heads/main refs/remotes/main [2ms]
2022-12-11 23:13:45.228 [info] > git status -z -uall [10ms]
2022-12-11 23:13:45.231 [info] > git for-each-ref --sort -committerdate --format %(refname) %(objectname) %(*objectname) [3ms]
2022-12-11 23:13:46.364 [info] > git config --get commit.template [3ms]
2022-12-11 23:13:46.380 [info] > git for-each-ref --format=%(refname)%00%(upstream:short)%00%(objectname)%00%(upstream:track)%00%(upstream:remotename)%00%(upstream:remoteref) refs/heads/main refs/remotes/main [6ms]
2022-12-11 23:13:46.399 [info] > git status -z -uall [9ms]
2022-12-11 23:13:46.401 [info] > git for-each-ref --sort -committerdate --format %(refname) %(objectname) %(*objectname) [3ms]
2022-12-11 23:13:46.471 [info] > git ls-files --stage -- /home/gabrielardevol/three_pigs/game_view.rb [1ms]
2022-12-11 23:13:46.484 [info] > git cat-file -s 47e33b3ca537f08728850364d42aa54926d5e137 [2ms]
2022-12-11 23:13:46.503 [info] > git show --textconv :game_view.rb [3ms]
