0 verbose cli /home/gabrielardevol/.nvm/versions/node/v16.15.1/bin/node /home/gabrielardevol/.nvm/versions/node/v16.15.1/bin/npm
1 info using npm@8.11.0
2 info using node@v16.15.1
3 timing npm:load:whichnode Completed in 0ms
4 timing config:load:defaults Completed in 3ms
5 timing config:load:file:/home/gabrielardevol/.nvm/versions/node/v16.15.1/lib/node_modules/npm/npmrc Completed in 45ms
6 timing config:load:builtin Completed in 47ms
7 timing config:load:cli Completed in 9ms
8 timing config:load:env Completed in 1ms
9 timing config:load:file:/home/gabrielardevol/.cache/typescript/4.9/.npmrc Completed in 0ms
10 timing config:load:project Completed in 35ms
11 timing config:load:file:/home/gabrielardevol/.npmrc Completed in 1ms
12 timing config:load:user Completed in 1ms
13 timing config:load:file:/home/gabrielardevol/.nvm/versions/node/v16.15.1/etc/npmrc Completed in 0ms
14 timing config:load:global Completed in 0ms
15 timing config:load:validate Completed in 1ms
16 timing config:load:credentials Completed in 2ms
17 timing config:load:setEnvs Completed in 2ms
18 timing config:load Completed in 102ms
19 timing npm:load:configload Completed in 103ms
20 timing npm:load:mkdirpcache Completed in 8ms
21 timing npm:load:mkdirplogs Completed in 3ms
22 verbose title npm install types-registry@latest
23 verbose argv "install" "--ignore-scripts" "types-registry@latest"
24 timing npm:load:setTitle Completed in 2ms
25 timing config:load:flatten Completed in 6ms
26 timing npm:load:display Completed in 7ms
27 verbose logfile logs-max:10 dir:/home/gabrielardevol/.npm/_logs
28 verbose logfile /home/gabrielardevol/.npm/_logs/2022-12-18T16_24_20_964Z-debug-0.log
29 timing npm:load:logFile Completed in 14ms
30 timing npm:load:timers Completed in 0ms
31 timing npm:load:configScope Completed in 0ms
32 timing npm:load Completed in 141ms
33 timing arborist:ctor Completed in 1ms
34 silly logfile start cleaning logs, removing 6 files
35 timing arborist:ctor Completed in 0ms
36 silly logfile done cleaning log files
37 timing idealTree:init Completed in 49ms
38 http fetch GET 200 https://registry.npmjs.org/types-registry 893ms (cache updated)
39 timing idealTree:userRequests Completed in 950ms
40 silly idealTree buildDeps
41 silly fetch manifest types-registry@0.1.623
42 silly placeDep ROOT types-registry@0.1.623 OK for:  want: 0.1.623
43 timing idealTree:#root Completed in 18ms
44 timing idealTree:node_modules/types-registry Completed in 0ms
45 timing idealTree:buildDeps Completed in 21ms
46 timing idealTree:fixDepFlags Completed in 0ms
47 timing idealTree Completed in 1024ms
48 timing reify:loadTrees Completed in 1026ms
49 timing reify:diffTrees Completed in 2ms
50 silly reify moves {}
51 timing reify:retireShallow Completed in 3ms
52 timing reify:createSparse Completed in 9ms
53 timing reify:loadBundles Completed in 0ms
54 silly audit bulk request { 'types-registry': [ '0.1.623' ] }
55 silly tarball no local data for types-registry@https://registry.npmjs.org/types-registry/-/types-registry-0.1.623.tgz. Extracting by manifest.
56 http fetch GET 200 https://registry.npmjs.org/npm 1298ms (cache updated)
57 http fetch POST 200 https://registry.npmjs.org/-/npm/v1/security/advisories/bulk 274ms
58 timing auditReport:getReport Completed in 278ms
59 silly audit report {}
60 timing auditReport:init Completed in 0ms
61 timing reify:audit Completed in 280ms
62 http fetch GET 200 https://registry.npmjs.org/types-registry/-/types-registry-0.1.623.tgz 626ms (cache miss)
63 timing reifyNode:node_modules/types-registry Completed in 722ms
64 timing reify:unpack Completed in 724ms
65 timing reify:unretire Completed in 0ms
66 timing build:queue Completed in 7ms
67 timing build:deps Completed in 7ms
68 timing build Completed in 7ms
69 timing reify:build Completed in 8ms
70 timing reify:trash Completed in 1ms
71 timing reify:save Completed in 13ms
72 timing reify Completed in 1850ms
73 silly ADD node_modules/types-registry
74 timing command:install Completed in 1859ms
75 notice
75 notice New major version of npm available! 8.11.0 -> 9.2.0
75 notice Changelog: <https://github.com/npm/cli/releases/tag/v9.2.0>
75 notice Run `npm install -g npm@9.2.0` to update!
75 notice
76 verbose exit 0
77 timing npm Completed in 2372ms
78 info ok
