0 verbose cli /home/gabrielardevol/.nvm/versions/node/v16.15.1/bin/node /home/gabrielardevol/.nvm/versions/node/v16.15.1/bin/npm
1 info using npm@8.11.0
2 info using node@v16.15.1
3 timing npm:load:whichnode Completed in 0ms
4 timing config:load:defaults Completed in 4ms
5 timing config:load:file:/home/gabrielardevol/.nvm/versions/node/v16.15.1/lib/node_modules/npm/npmrc Completed in 2ms
6 timing config:load:builtin Completed in 3ms
7 timing config:load:cli Completed in 7ms
8 timing config:load:env Completed in 1ms
9 timing config:load:file:/home/gabrielardevol/.cache/typescript/4.8/.npmrc Completed in 0ms
10 timing config:load:project Completed in 10ms
11 timing config:load:file:/home/gabrielardevol/.npmrc Completed in 1ms
12 timing config:load:user Completed in 1ms
13 timing config:load:file:/home/gabrielardevol/.nvm/versions/node/v16.15.1/etc/npmrc Completed in 1ms
14 timing config:load:global Completed in 1ms
15 timing config:load:validate Completed in 0ms
16 timing config:load:credentials Completed in 4ms
17 timing config:load:setEnvs Completed in 4ms
18 timing config:load Completed in 37ms
19 timing npm:load:configload Completed in 37ms
20 timing npm:load:mkdirpcache Completed in 13ms
21 timing npm:load:mkdirplogs Completed in 2ms
22 verbose title npm install @types/inherits@ts4.8 @types/object-assign@ts4.8 @types/node@ts4.8
23 verbose argv "install" "--ignore-scripts" "@types/inherits@ts4.8" "@types/object-assign@ts4.8" "@types/node@ts4.8" "--save-dev" "--user-agent" "typesInstaller/4.8.4"
24 timing npm:load:setTitle Completed in 9ms
25 timing config:load:flatten Completed in 7ms
26 timing npm:load:display Completed in 9ms
27 verbose logfile logs-max:10 dir:/home/gabrielardevol/.npm/_logs
28 verbose logfile /home/gabrielardevol/.npm/_logs/2022-10-07T12_09_59_176Z-debug-0.log
29 timing npm:load:logFile Completed in 8ms
30 timing npm:load:timers Completed in 0ms
31 timing npm:load:configScope Completed in 0ms
32 timing npm:load Completed in 82ms
33 timing arborist:ctor Completed in 1ms
34 silly logfile done cleaning log files
35 timing idealTree:init Completed in 34ms
36 timing arborist:ctor Completed in 1ms
37 http fetch GET 200 https://registry.npmjs.org/@types%2fobject-assign 640ms (cache miss)
38 http fetch GET 200 https://registry.npmjs.org/@types%2finherits 649ms (cache miss)
39 http fetch GET 200 https://registry.npmjs.org/@types%2fnode 730ms (cache miss)
40 timing idealTree:userRequests Completed in 758ms
41 silly idealTree buildDeps
42 silly fetch manifest @types/inherits@0.0.30
43 silly fetch manifest @types/object-assign@4.0.30
44 silly fetch manifest @types/node@18.8.3
45 silly placeDep ROOT @types/inherits@0.0.30 OK for:  want: 0.0.30
46 silly placeDep ROOT @types/node@18.8.3 OK for:  want: 18.8.3
47 silly placeDep ROOT @types/object-assign@4.0.30 OK for:  want: 4.0.30
48 timing idealTree:#root Completed in 22ms
49 timing idealTree:node_modules/@types/inherits Completed in 1ms
50 timing idealTree:node_modules/@types/node Completed in 0ms
51 timing idealTree:node_modules/@types/object-assign Completed in 0ms
52 timing idealTree:buildDeps Completed in 26ms
53 timing idealTree:fixDepFlags Completed in 1ms
54 timing idealTree Completed in 823ms
55 timing reify:loadTrees Completed in 824ms
56 timing reify:diffTrees Completed in 3ms
57 silly reify moves {}
58 timing reify:retireShallow Completed in 2ms
59 timing reify:createSparse Completed in 8ms
60 timing reify:loadBundles Completed in 0ms
61 silly audit bulk request {
61 silly audit   'types-registry': [ '0.1.612' ],
61 silly audit   '@types/inherits': [ '0.0.30' ],
61 silly audit   '@types/node': [ '18.8.3' ],
61 silly audit   '@types/object-assign': [ '4.0.30' ]
61 silly audit }
62 silly tarball no local data for @types/object-assign@https://registry.npmjs.org/@types/object-assign/-/object-assign-4.0.30.tgz. Extracting by manifest.
63 silly tarball no local data for @types/inherits@https://registry.npmjs.org/@types/inherits/-/inherits-0.0.30.tgz. Extracting by manifest.
64 silly tarball no local data for @types/node@https://registry.npmjs.org/@types/node/-/node-18.8.3.tgz. Extracting by manifest.
65 http fetch GET 200 https://registry.npmjs.org/@types/object-assign/-/object-assign-4.0.30.tgz 126ms (cache miss)
66 timing reifyNode:node_modules/@types/object-assign Completed in 151ms
67 http fetch POST 200 https://registry.npmjs.org/-/npm/v1/security/advisories/bulk 232ms
68 timing auditReport:getReport Completed in 234ms
69 silly audit report {}
70 timing auditReport:init Completed in 0ms
71 timing reify:audit Completed in 236ms
72 http fetch GET 200 https://registry.npmjs.org/@types/inherits/-/inherits-0.0.30.tgz 314ms (cache miss)
73 timing reifyNode:node_modules/@types/inherits Completed in 343ms
74 http fetch GET 200 https://registry.npmjs.org/@types/node/-/node-18.8.3.tgz 561ms (cache miss)
75 timing reifyNode:node_modules/@types/node Completed in 596ms
76 timing reify:unpack Completed in 596ms
77 timing reify:unretire Completed in 0ms
78 timing build:queue Completed in 1ms
79 timing build:deps Completed in 3ms
80 timing build Completed in 3ms
81 timing reify:build Completed in 3ms
82 timing reify:trash Completed in 0ms
83 timing reify:save Completed in 27ms
84 timing reify Completed in 1495ms
85 silly ADD node_modules/@types/object-assign
86 silly ADD node_modules/@types/node
87 silly ADD node_modules/@types/inherits
88 timing command:install Completed in 1511ms
89 verbose exit 0
90 timing npm Completed in 1722ms
91 info ok
