0 verbose cli /home/gabrielardevol/.nvm/versions/node/v16.15.1/bin/node /home/gabrielardevol/.nvm/versions/node/v16.15.1/bin/npm
1 info using npm@8.11.0
2 info using node@v16.15.1
3 timing npm:load:whichnode Completed in 1ms
4 timing config:load:defaults Completed in 7ms
5 timing config:load:file:/home/gabrielardevol/.nvm/versions/node/v16.15.1/lib/node_modules/npm/npmrc Completed in 7ms
6 timing config:load:builtin Completed in 7ms
7 timing config:load:cli Completed in 7ms
8 timing config:load:env Completed in 1ms
9 timing config:load:file:/home/gabrielardevol/.cache/typescript/4.8/.npmrc Completed in 1ms
10 timing config:load:project Completed in 58ms
11 timing config:load:file:/home/gabrielardevol/.npmrc Completed in 0ms
12 timing config:load:user Completed in 1ms
13 timing config:load:file:/home/gabrielardevol/.nvm/versions/node/v16.15.1/etc/npmrc Completed in 12ms
14 timing config:load:global Completed in 12ms
15 timing config:load:validate Completed in 1ms
16 timing config:load:credentials Completed in 8ms
17 timing config:load:setEnvs Completed in 24ms
18 timing config:load Completed in 126ms
19 timing npm:load:configload Completed in 126ms
20 timing npm:load:mkdirpcache Completed in 1ms
21 timing npm:load:mkdirplogs Completed in 0ms
22 verbose title npm install types-registry@latest
23 verbose argv "install" "--ignore-scripts" "types-registry@latest"
24 timing npm:load:setTitle Completed in 2ms
25 timing config:load:flatten Completed in 6ms
26 timing npm:load:display Completed in 8ms
27 verbose logfile logs-max:10 dir:/home/gabrielardevol/.npm/_logs
28 verbose logfile /home/gabrielardevol/.npm/_logs/2022-10-07T11_00_58_362Z-debug-0.log
29 timing npm:load:logFile Completed in 13ms
30 timing npm:load:timers Completed in 1ms
31 timing npm:load:configScope Completed in 0ms
32 timing npm:load Completed in 155ms
33 timing arborist:ctor Completed in 1ms
34 silly logfile done cleaning log files
35 timing idealTree:init Completed in 129ms
36 timing arborist:ctor Completed in 0ms
37 http fetch GET 200 https://registry.npmjs.org/types-registry 431ms (cache revalidated)
38 timing idealTree:userRequests Completed in 483ms
39 silly idealTree buildDeps
40 silly fetch manifest types-registry@0.1.612
41 silly placeDep ROOT types-registry@0.1.612 REPLACE for:  want: 0.1.612
42 timing idealTree:#root Completed in 25ms
43 timing idealTree:node_modules/types-registry Completed in 0ms
44 timing idealTree:buildDeps Completed in 31ms
45 timing idealTree:fixDepFlags Completed in 1ms
46 timing idealTree Completed in 646ms
47 timing reify:loadTrees Completed in 648ms
48 timing reify:diffTrees Completed in 4ms
49 silly reify moves {}
50 timing reify:retireShallow Completed in 12ms
51 timing reify:createSparse Completed in 0ms
52 timing reify:loadBundles Completed in 1ms
53 silly audit bulk request { 'types-registry': [ '0.1.612' ] }
54 timing reify:unpack Completed in 1ms
55 timing reify:unretire Completed in 0ms
56 timing build:queue Completed in 0ms
57 timing build:deps Completed in 0ms
58 timing build Completed in 1ms
59 timing reify:build Completed in 1ms
60 timing reify:trash Completed in 0ms
61 timing reify:save Completed in 38ms
62 http fetch POST 200 https://registry.npmjs.org/-/npm/v1/security/advisories/bulk 369ms
63 timing auditReport:getReport Completed in 373ms
64 silly audit report {}
65 timing auditReport:init Completed in 0ms
66 timing reify:audit Completed in 375ms
67 timing reify Completed in 1063ms
68 timing command:install Completed in 1073ms
69 verbose exit 0
70 timing npm Completed in 1477ms
71 info ok
