2022-12-12 23:20:21.939 [info] Log level: Info
2022-12-12 23:20:21.939 [info] Validating found git in: "git"
2022-12-12 23:20:21.939 [info] Using git "2.25.1" from "git"
2022-12-12 23:20:21.939 [info] > git rev-parse --show-toplevel [1921ms]
2022-12-12 23:20:21.939 [info] > git rev-parse --git-dir --git-common-dir [124ms]
2022-12-12 23:20:21.939 [info] Open repository: /home/gabrielardevol/three_pigs
2022-12-12 23:20:21.940 [info] > git rev-parse --show-toplevel [22ms]
2022-12-12 23:20:21.965 [info] > git rev-parse --show-toplevel [2ms]
2022-12-12 23:20:21.981 [info] > git config --get commit.template [43ms]
2022-12-12 23:20:22.007 [info] > git for-each-ref --format=%(refname)%00%(upstream:short)%00%(objectname)%00%(upstream:track)%00%(upstream:remotename)%00%(upstream:remoteref) refs/heads/main refs/remotes/main [12ms]
2022-12-12 23:20:22.069 [info] > git status -z -uall [37ms]
2022-12-12 23:20:22.077 [info] > git for-each-ref --sort -committerdate --format %(refname) %(objectname) %(*objectname) [21ms]
2022-12-12 23:20:22.127 [info] > git config --get commit.template [19ms]
2022-12-12 23:20:22.227 [info] > git for-each-ref --format=%(refname)%00%(upstream:short)%00%(objectname)%00%(upstream:track)%00%(upstream:remotename)%00%(upstream:remoteref) refs/heads/main refs/remotes/main [87ms]
2022-12-12 23:20:22.304 [info] > git status -z -uall [66ms]
2022-12-12 23:20:22.310 [info] > git for-each-ref --sort -committerdate --format %(refname) %(objectname) %(*objectname) [61ms]
2022-12-12 23:20:22.399 [info] > git show --textconv :game_view.rb [44ms]
2022-12-12 23:20:22.400 [info] > git ls-files --stage -- /home/gabrielardevol/three_pigs/game_view.rb [35ms]
2022-12-12 23:20:22.422 [info] > git cat-file -s 47e33b3ca537f08728850364d42aa54926d5e137 [4ms]
2022-12-12 23:20:22.751 [info] > git check-ignore -v -z --stdin [8ms]
2022-12-12 23:20:27.812 [info] > git show --textconv :app.rb [9ms]
2022-12-12 23:20:27.813 [info] > git ls-files --stage -- /home/gabrielardevol/three_pigs/app.rb [3ms]
2022-12-12 23:20:27.830 [info] > git cat-file -s 5936976892dbbd7b58562476dbe7577dc3837df2 [6ms]
2022-12-12 23:20:42.129 [info] > git show --textconv :game_controller.rb [10ms]
2022-12-12 23:20:42.130 [info] > git ls-files --stage -- /home/gabrielardevol/three_pigs/game_controller.rb [2ms]
2022-12-12 23:20:42.140 [info] > git cat-file -s 6b429d7688f9c65dcc53d47e23264f09c70be737 [1ms]
2022-12-12 23:21:07.058 [info] > git show --textconv :game_view.rb [13ms]
2022-12-12 23:21:07.060 [info] > git ls-files --stage -- /home/gabrielardevol/three_pigs/game_view.rb [7ms]
2022-12-12 23:21:07.073 [info] > git cat-file -s 47e33b3ca537f08728850364d42aa54926d5e137 [2ms]
2022-12-12 23:21:10.310 [info] > git show --textconv :game.rb [9ms]
2022-12-12 23:21:10.313 [info] > git ls-files --stage -- /home/gabrielardevol/three_pigs/game.rb [3ms]
2022-12-12 23:21:10.323 [info] > git cat-file -s 37e4dcb17f348109f01ad06b5abe9eb548cf7a72 [3ms]
2022-12-12 23:21:48.165 [info] > git show --textconv :app.rb [12ms]
2022-12-12 23:21:48.165 [info] > git ls-files --stage -- /home/gabrielardevol/three_pigs/app.rb [2ms]
2022-12-12 23:21:48.176 [info] > git cat-file -s 5936976892dbbd7b58562476dbe7577dc3837df2 [4ms]
2022-12-12 23:22:02.757 [info] > git show --textconv :game_controller.rb [7ms]
2022-12-12 23:22:02.760 [info] > git ls-files --stage -- /home/gabrielardevol/three_pigs/game_controller.rb [4ms]
2022-12-12 23:22:02.767 [info] > git cat-file -s 6b429d7688f9c65dcc53d47e23264f09c70be737 [2ms]
2022-12-12 23:22:10.296 [info] > git check-ignore -v -z --stdin [1ms]
2022-12-12 23:22:31.958 [info] > git check-ignore -v -z --stdin [3ms]
2022-12-12 23:22:32.458 [info] > git config --get commit.template [2ms]
2022-12-12 23:22:32.467 [info] > git for-each-ref --format=%(refname)%00%(upstream:short)%00%(objectname)%00%(upstream:track)%00%(upstream:remotename)%00%(upstream:remoteref) refs/heads/main refs/remotes/main [3ms]
2022-12-12 23:22:32.483 [info] > git status -z -uall [9ms]
2022-12-12 23:22:32.485 [info] > git for-each-ref --sort -committerdate --format %(refname) %(objectname) %(*objectname) [3ms]
2022-12-12 23:22:37.216 [info] > git show --textconv :building_game/house_game_view.rb [12ms]
2022-12-12 23:22:37.217 [info] > git ls-files --stage -- /home/gabrielardevol/three_pigs/building_game/house_game_view.rb [5ms]
2022-12-12 23:22:37.230 [info] > git cat-file -s 81add40074c37fda223e4c39fc2cb7b0e55788ef [4ms]
2022-12-12 23:23:05.559 [info] > git show --textconv :game_controller.rb [30ms]
2022-12-12 23:23:05.561 [info] > git ls-files --stage -- /home/gabrielardevol/three_pigs/game_controller.rb [14ms]
2022-12-12 23:23:05.579 [info] > git check-ignore -v -z --stdin [21ms]
2022-12-12 23:23:05.580 [info] > git cat-file -s 6b429d7688f9c65dcc53d47e23264f09c70be737 [3ms]
2022-12-12 23:23:06.069 [info] > git config --get commit.template [2ms]
2022-12-12 23:23:06.079 [info] > git for-each-ref --format=%(refname)%00%(upstream:short)%00%(objectname)%00%(upstream:track)%00%(upstream:remotename)%00%(upstream:remoteref) refs/heads/main refs/remotes/main [2ms]
2022-12-12 23:23:06.094 [info] > git status -z -uall [9ms]
2022-12-12 23:23:06.095 [info] > git for-each-ref --sort -committerdate --format %(refname) %(objectname) %(*objectname) [3ms]
2022-12-12 23:23:38.117 [info] > git config --get commit.template [8ms]
2022-12-12 23:23:38.118 [info] > git for-each-ref --format=%(refname)%00%(upstream:short)%00%(objectname)%00%(upstream:track)%00%(upstream:remotename)%00%(upstream:remoteref) refs/heads/main refs/remotes/main [2ms]
2022-12-12 23:23:38.133 [info] > git status -z -uall [8ms]
2022-12-12 23:23:38.134 [info] > git for-each-ref --sort -committerdate --format %(refname) %(objectname) %(*objectname) [2ms]
2022-12-12 23:23:45.850 [info] > git show --textconv :building_game/building_game_controller.rb [16ms]
2022-12-12 23:23:45.851 [info] > git ls-files --stage -- /home/gabrielardevol/three_pigs/building_game/building_game_controller.rb [6ms]
2022-12-12 23:24:06.714 [info] > git config --get commit.template [2ms]
2022-12-12 23:24:06.743 [info] > git for-each-ref --format=%(refname)%00%(upstream:short)%00%(objectname)%00%(upstream:track)%00%(upstream:remotename)%00%(upstream:remoteref) refs/heads/main refs/remotes/main [1ms]
2022-12-12 23:24:06.782 [info] > git status -z -uall [18ms]
2022-12-12 23:24:06.790 [info] > git for-each-ref --sort -committerdate --format %(refname) %(objectname) %(*objectname) [12ms]
2022-12-12 23:24:21.125 [info] > git show --textconv :building_game/hiding_game_view.rb [9ms]
2022-12-12 23:24:21.127 [info] > git ls-files --stage -- /home/gabrielardevol/three_pigs/building_game/hiding_game_view.rb [3ms]
2022-12-12 23:24:32.722 [info] > git config --get commit.template [9ms]
2022-12-12 23:24:32.722 [info] > git for-each-ref --format=%(refname)%00%(upstream:short)%00%(objectname)%00%(upstream:track)%00%(upstream:remotename)%00%(upstream:remoteref) refs/heads/main refs/remotes/main [2ms]
2022-12-12 23:24:32.745 [info] > git status -z -uall [16ms]
2022-12-12 23:24:32.746 [info] > git for-each-ref --sort -committerdate --format %(refname) %(objectname) %(*objectname) [3ms]
2022-12-12 23:24:46.276 [info] > git config --get commit.template [3ms]
2022-12-12 23:24:46.289 [info] > git for-each-ref --format=%(refname)%00%(upstream:short)%00%(objectname)%00%(upstream:track)%00%(upstream:remotename)%00%(upstream:remoteref) refs/heads/main refs/remotes/main [1ms]
2022-12-12 23:24:46.308 [info] > git status -z -uall [9ms]
2022-12-12 23:24:46.310 [info] > git for-each-ref --sort -committerdate --format %(refname) %(objectname) %(*objectname) [2ms]
2022-12-12 23:24:55.557 [info] > git show --textconv :app.rb [6ms]
2022-12-12 23:24:55.559 [info] > git ls-files --stage -- /home/gabrielardevol/three_pigs/app.rb [3ms]
2022-12-12 23:24:55.565 [info] > git cat-file -s 5936976892dbbd7b58562476dbe7577dc3837df2 [2ms]
2022-12-12 23:25:12.903 [info] > git show --textconv :building_game/hiding_game_view.rb [9ms]
2022-12-12 23:25:12.904 [info] > git ls-files --stage -- /home/gabrielardevol/three_pigs/building_game/hiding_game_view.rb [1ms]
2022-12-12 23:25:32.542 [info] > git show --textconv :building_game/building_game_controller.rb [6ms]
2022-12-12 23:25:32.547 [info] > git ls-files --stage -- /home/gabrielardevol/three_pigs/building_game/building_game_controller.rb [6ms]
2022-12-12 23:25:42.077 [info] > git show --textconv :building_game/hiding_game_view.rb [6ms]
2022-12-12 23:25:42.077 [info] > git ls-files --stage -- /home/gabrielardevol/three_pigs/building_game/hiding_game_view.rb [1ms]
2022-12-12 23:25:45.138 [info] > git show --textconv :building_game/building_game_controller.rb [8ms]
2022-12-12 23:25:45.140 [info] > git ls-files --stage -- /home/gabrielardevol/three_pigs/building_game/building_game_controller.rb [3ms]
2022-12-12 23:25:49.253 [info] > git show --textconv :building_game/hiding_game_view.rb [5ms]
2022-12-12 23:25:49.254 [info] > git ls-files --stage -- /home/gabrielardevol/three_pigs/building_game/hiding_game_view.rb [2ms]
2022-12-12 23:26:19.069 [info] > git check-ignore -v -z --stdin [3ms]
2022-12-12 23:26:38.928 [info] > git show --textconv :building_game/building_game_controller.rb [8ms]
2022-12-12 23:26:38.928 [info] > git ls-files --stage -- /home/gabrielardevol/three_pigs/building_game/building_game_controller.rb [1ms]
2022-12-12 23:26:42.718 [info] > git show --textconv :app.rb [6ms]
2022-12-12 23:26:42.718 [info] > git ls-files --stage -- /home/gabrielardevol/three_pigs/app.rb [1ms]
2022-12-12 23:26:42.726 [info] > git cat-file -s 5936976892dbbd7b58562476dbe7577dc3837df2 [2ms]
2022-12-12 23:27:07.962 [info] > git show --textconv :game_controller.rb [6ms]
2022-12-12 23:27:07.964 [info] > git ls-files --stage -- /home/gabrielardevol/three_pigs/game_controller.rb [2ms]
2022-12-12 23:27:07.972 [info] > git cat-file -s 6b429d7688f9c65dcc53d47e23264f09c70be737 [1ms]
2022-12-12 23:27:15.822 [info] > git config --get commit.template [2ms]
2022-12-12 23:27:15.830 [info] > git for-each-ref --format=%(refname)%00%(upstream:short)%00%(objectname)%00%(upstream:track)%00%(upstream:remotename)%00%(upstream:remoteref) refs/heads/main refs/remotes/main [2ms]
2022-12-12 23:27:15.842 [info] > git status -z -uall [8ms]
2022-12-12 23:27:15.843 [info] > git for-each-ref --sort -committerdate --format %(refname) %(objectname) %(*objectname) [2ms]
2022-12-12 23:28:13.477 [info] > git config --get commit.template [2ms]
2022-12-12 23:28:13.489 [info] > git for-each-ref --format=%(refname)%00%(upstream:short)%00%(objectname)%00%(upstream:track)%00%(upstream:remotename)%00%(upstream:remoteref) refs/heads/main refs/remotes/main [4ms]
2022-12-12 23:28:13.515 [info] > git status -z -uall [16ms]
2022-12-12 23:28:13.516 [info] > git for-each-ref --sort -committerdate --format %(refname) %(objectname) %(*objectname) [1ms]
2022-12-12 23:34:44.606 [info] > git config --get commit.template [2ms]
2022-12-12 23:34:44.612 [info] > git for-each-ref --format=%(refname)%00%(upstream:short)%00%(objectname)%00%(upstream:track)%00%(upstream:remotename)%00%(upstream:remoteref) refs/heads/main refs/remotes/main [1ms]
2022-12-12 23:34:44.623 [info] > git status -z -uall [6ms]
2022-12-12 23:34:44.624 [info] > git for-each-ref --sort -committerdate --format %(refname) %(objectname) %(*objectname) [2ms]
2022-12-12 23:35:06.257 [info] > git show --textconv :building_game/building_game_controller.rb [8ms]
2022-12-12 23:35:06.258 [info] > git ls-files --stage -- /home/gabrielardevol/three_pigs/building_game/building_game_controller.rb [4ms]
2022-12-12 23:35:41.256 [info] > git show --textconv :building_game/hiding_game_controller.rb [5ms]
2022-12-12 23:35:41.257 [info] > git ls-files --stage -- /home/gabrielardevol/three_pigs/building_game/hiding_game_controller.rb [2ms]
2022-12-12 23:35:41.514 [info] > git check-ignore -v -z --stdin [1ms]
2022-12-12 23:35:42.037 [info] > git config --get commit.template [7ms]
2022-12-12 23:35:42.037 [info] > git for-each-ref --format=%(refname)%00%(upstream:short)%00%(objectname)%00%(upstream:track)%00%(upstream:remotename)%00%(upstream:remoteref) refs/heads/main refs/remotes/main [2ms]
2022-12-12 23:35:42.049 [info] > git status -z -uall [7ms]
2022-12-12 23:35:42.050 [info] > git for-each-ref --sort -committerdate --format %(refname) %(objectname) %(*objectname) [2ms]
2022-12-12 23:35:55.414 [info] > git show --textconv :hiding_game/hiding_game_controller.rb [6ms]
2022-12-12 23:35:55.417 [info] > git ls-files --stage -- /home/gabrielardevol/three_pigs/hiding_game/hiding_game_controller.rb [3ms]
2022-12-12 23:35:55.676 [info] > git check-ignore -v -z --stdin [1ms]
2022-12-12 23:35:56.182 [info] > git config --get commit.template [7ms]
2022-12-12 23:35:56.183 [info] > git for-each-ref --format=%(refname)%00%(upstream:short)%00%(objectname)%00%(upstream:track)%00%(upstream:remotename)%00%(upstream:remoteref) refs/heads/main refs/remotes/main [2ms]
2022-12-12 23:35:56.193 [info] > git status -z -uall [5ms]
2022-12-12 23:35:56.194 [info] > git for-each-ref --sort -committerdate --format %(refname) %(objectname) %(*objectname) [2ms]
2022-12-12 23:36:13.974 [info] > git show --textconv :hiding_game/hiding_game_view.rb [7ms]
2022-12-12 23:36:13.975 [info] > git ls-files --stage -- /home/gabrielardevol/three_pigs/hiding_game/hiding_game_view.rb [1ms]
2022-12-12 23:36:56.137 [info] > git config --get commit.template [10ms]
2022-12-12 23:36:56.137 [info] > git for-each-ref --format=%(refname)%00%(upstream:short)%00%(objectname)%00%(upstream:track)%00%(upstream:remotename)%00%(upstream:remoteref) refs/heads/main refs/remotes/main [2ms]
2022-12-12 23:36:56.149 [info] > git status -z -uall [6ms]
2022-12-12 23:36:56.151 [info] > git for-each-ref --sort -committerdate --format %(refname) %(objectname) %(*objectname) [3ms]
2022-12-12 23:37:18.592 [info] > git config --get commit.template [1ms]
2022-12-12 23:37:18.601 [info] > git for-each-ref --format=%(refname)%00%(upstream:short)%00%(objectname)%00%(upstream:track)%00%(upstream:remotename)%00%(upstream:remoteref) refs/heads/main refs/remotes/main [3ms]
2022-12-12 23:37:18.613 [info] > git status -z -uall [6ms]
2022-12-12 23:37:18.614 [info] > git for-each-ref --sort -committerdate --format %(refname) %(objectname) %(*objectname) [1ms]
2022-12-12 23:37:42.191 [info] > git config --get commit.template [1ms]
2022-12-12 23:37:42.199 [info] > git for-each-ref --format=%(refname)%00%(upstream:short)%00%(objectname)%00%(upstream:track)%00%(upstream:remotename)%00%(upstream:remoteref) refs/heads/main refs/remotes/main [1ms]
2022-12-12 23:37:42.210 [info] > git status -z -uall [6ms]
2022-12-12 23:37:42.211 [info] > git for-each-ref --sort -committerdate --format %(refname) %(objectname) %(*objectname) [1ms]
2022-12-12 23:37:55.956 [info] > git show --textconv :game_view.rb [22ms]
2022-12-12 23:37:55.957 [info] > git ls-files --stage -- /home/gabrielardevol/three_pigs/game_view.rb [2ms]
2022-12-12 23:37:55.973 [info] > git cat-file -s 47e33b3ca537f08728850364d42aa54926d5e137 [2ms]
2022-12-12 23:38:27.202 [info] > git config --get commit.template [7ms]
2022-12-12 23:38:27.203 [info] > git for-each-ref --format=%(refname)%00%(upstream:short)%00%(objectname)%00%(upstream:track)%00%(upstream:remotename)%00%(upstream:remoteref) refs/heads/main refs/remotes/main [1ms]
2022-12-12 23:38:27.215 [info] > git status -z -uall [7ms]
2022-12-12 23:38:27.216 [info] > git for-each-ref --sort -committerdate --format %(refname) %(objectname) %(*objectname) [2ms]
2022-12-12 23:38:42.458 [info] > git config --get commit.template [9ms]
2022-12-12 23:38:42.458 [info] > git for-each-ref --format=%(refname)%00%(upstream:short)%00%(objectname)%00%(upstream:track)%00%(upstream:remotename)%00%(upstream:remoteref) refs/heads/main refs/remotes/main [1ms]
2022-12-12 23:38:42.472 [info] > git status -z -uall [7ms]
2022-12-12 23:38:42.473 [info] > git for-each-ref --sort -committerdate --format %(refname) %(objectname) %(*objectname) [2ms]
2022-12-12 23:48:08.101 [info] > git config --get commit.template [6ms]
2022-12-12 23:48:08.102 [info] > git for-each-ref --format=%(refname)%00%(upstream:short)%00%(objectname)%00%(upstream:track)%00%(upstream:remotename)%00%(upstream:remoteref) refs/heads/main refs/remotes/main [1ms]
2022-12-12 23:48:08.115 [info] > git status -z -uall [6ms]
2022-12-12 23:48:08.116 [info] > git for-each-ref --sort -committerdate --format %(refname) %(objectname) %(*objectname) [1ms]
2022-12-12 23:49:22.807 [info] > git config --get commit.template [1ms]
2022-12-12 23:49:22.817 [info] > git for-each-ref --format=%(refname)%00%(upstream:short)%00%(objectname)%00%(upstream:track)%00%(upstream:remotename)%00%(upstream:remoteref) refs/heads/main refs/remotes/main [1ms]
2022-12-12 23:49:22.836 [info] > git status -z -uall [11ms]
2022-12-12 23:49:22.837 [info] > git for-each-ref --sort -committerdate --format %(refname) %(objectname) %(*objectname) [1ms]
2022-12-12 23:51:58.876 [info] > git config --get commit.template [6ms]
2022-12-12 23:51:58.877 [info] > git for-each-ref --format=%(refname)%00%(upstream:short)%00%(objectname)%00%(upstream:track)%00%(upstream:remotename)%00%(upstream:remoteref) refs/heads/main refs/remotes/main [2ms]
2022-12-12 23:51:58.887 [info] > git status -z -uall [6ms]
2022-12-12 23:51:58.889 [info] > git for-each-ref --sort -committerdate --format %(refname) %(objectname) %(*objectname) [2ms]
2022-12-12 23:52:58.028 [info] > git add -A -- . [17ms]
2022-12-12 23:52:58.064 [info] > git -c user.useConfigOnly=true commit --quiet --allow-empty-message --file - [30ms]
2022-12-12 23:52:58.078 [info] > git config --get commit.template [3ms]
2022-12-12 23:52:58.097 [info] > git config --get commit.template [5ms]
2022-12-12 23:52:58.113 [info] > git for-each-ref --format=%(refname)%00%(upstream:short)%00%(objectname)%00%(upstream:track)%00%(upstream:remotename)%00%(upstream:remoteref) refs/heads/main refs/remotes/main [4ms]
2022-12-12 23:52:58.130 [info] > git status -z -uall [10ms]
2022-12-12 23:52:58.132 [info] > git for-each-ref --sort -committerdate --format %(refname) %(objectname) %(*objectname) [2ms]
2022-12-12 23:52:58.306 [info] > git config --get commit.template [1ms]
2022-12-12 23:52:58.313 [info] > git for-each-ref --format=%(refname)%00%(upstream:short)%00%(objectname)%00%(upstream:track)%00%(upstream:remotename)%00%(upstream:remoteref) refs/heads/main refs/remotes/main [1ms]
2022-12-12 23:52:58.324 [info] > git status -z -uall [7ms]
2022-12-12 23:52:58.324 [info] > git for-each-ref --sort -committerdate --format %(refname) %(objectname) %(*objectname) [1ms]
2022-12-12 23:52:59.315 [info] > git ls-files --stage -- /home/gabrielardevol/three_pigs/hiding_game/hiding_game_view.rb [7ms]
2022-12-12 23:52:59.329 [info] > git ls-files --stage -- /home/gabrielardevol/three_pigs/hiding_game/hiding_game_controller.rb [25ms]
2022-12-12 23:52:59.337 [info] > git ls-files --stage -- /home/gabrielardevol/three_pigs/game_controller.rb [42ms]
2022-12-12 23:52:59.355 [info] > git ls-files --stage -- /home/gabrielardevol/three_pigs/app.rb [66ms]
2022-12-12 23:52:59.373 [info] > git cat-file -s 6b429d7688f9c65dcc53d47e23264f09c70be737 [18ms]
2022-12-12 23:52:59.373 [info] > git cat-file -s f4f1d0f1d3deb63882d0ce16df1fd0056c2aae8f [37ms]
2022-12-12 23:52:59.373 [info] > git cat-file -s eacc600b7530f74cb91603eb21b6dbda27cd28e6 [45ms]
2022-12-12 23:52:59.374 [info] > git ls-files --stage -- /home/gabrielardevol/three_pigs/game_view.rb [60ms]
2022-12-12 23:52:59.397 [info] > git cat-file -s 9157d1e24e13d895728df3b74a3a830132e2ace6 [25ms]
2022-12-12 23:52:59.398 [info] > git cat-file -s 5c675b1f363d534793bb992abdf9ec678548910b [3ms]
2022-12-12 23:52:59.427 [info] > git show --textconv :game_controller.rb [22ms]
2022-12-12 23:52:59.427 [info] > git show --textconv :hiding_game/hiding_game_controller.rb [17ms]
2022-12-12 23:52:59.427 [info] > git show --textconv :hiding_game/hiding_game_view.rb [13ms]
2022-12-12 23:52:59.427 [info] > git show --textconv :app.rb [6ms]
2022-12-12 23:52:59.427 [info] > git show --textconv :game_view.rb [0ms]
2022-12-12 23:53:00.812 [info] > git log --oneline --cherry main...main@{upstream} -- [4ms]
2022-12-12 23:53:02.054 [info] > git ls-files --stage -- /home/gabrielardevol/three_pigs/hiding_game/hiding_game_view.rb [8ms]
2022-12-12 23:53:02.058 [info] > git ls-files --stage -- /home/gabrielardevol/three_pigs/hiding_game/hiding_game_controller.rb [18ms]
2022-12-12 23:53:02.063 [info] > git ls-files --stage -- /home/gabrielardevol/three_pigs/game_controller.rb [27ms]
2022-12-12 23:53:02.069 [info] > git ls-files --stage -- /home/gabrielardevol/three_pigs/app.rb [43ms]
2022-12-12 23:53:02.074 [info] > git cat-file -s 6b429d7688f9c65dcc53d47e23264f09c70be737 [6ms]
2022-12-12 23:53:02.074 [info] > git cat-file -s f4f1d0f1d3deb63882d0ce16df1fd0056c2aae8f [12ms]
2022-12-12 23:53:02.075 [info] > git cat-file -s eacc600b7530f74cb91603eb21b6dbda27cd28e6 [17ms]
2022-12-12 23:53:02.075 [info] > git ls-files --stage -- /home/gabrielardevol/three_pigs/game_view.rb [23ms]
2022-12-12 23:53:02.086 [info] > git cat-file -s 9157d1e24e13d895728df3b74a3a830132e2ace6 [13ms]
2022-12-12 23:53:02.087 [info] > git cat-file -s 5c675b1f363d534793bb992abdf9ec678548910b [1ms]
2022-12-12 23:53:02.115 [info] > git show --textconv :game_controller.rb [20ms]
2022-12-12 23:53:02.115 [info] > git show --textconv :hiding_game/hiding_game_controller.rb [15ms]
2022-12-12 23:53:02.115 [info] > git show --textconv :hiding_game/hiding_game_view.rb [10ms]
2022-12-12 23:53:02.115 [info] > git show --textconv :app.rb [5ms]
2022-12-12 23:53:02.117 [info] > git show --textconv :game_view.rb [3ms]
2022-12-12 23:53:02.711 [info] > git pull --tags origin main [1890ms]
2022-12-12 23:53:02.711 [info] From github.com:gabrielardevol/3p
 * branch            main       -> FETCH_HEAD
2022-12-12 23:53:03.230 [info] > git push origin main:main [2404ms]
2022-12-12 23:53:03.230 [info] To github.com:gabrielardevol/3p.git
   06fe0d8..53f3188  main -> main
2022-12-12 23:53:03.244 [info] > git config --get commit.template [6ms]
2022-12-12 23:53:03.244 [info] > git for-each-ref --format=%(refname)%00%(upstream:short)%00%(objectname)%00%(upstream:track)%00%(upstream:remotename)%00%(upstream:remoteref) refs/heads/main refs/remotes/main [1ms]
2022-12-12 23:53:03.255 [info] > git status -z -uall [4ms]
2022-12-12 23:53:03.255 [info] > git for-each-ref --sort -committerdate --format %(refname) %(objectname) %(*objectname) [1ms]
2022-12-12 23:53:04.426 [info] > git config --get commit.template [13ms]
2022-12-12 23:53:04.427 [info] > git for-each-ref --format=%(refname)%00%(upstream:short)%00%(objectname)%00%(upstream:track)%00%(upstream:remotename)%00%(upstream:remoteref) refs/heads/main refs/remotes/main [3ms]
2022-12-12 23:53:04.440 [info] > git status -z -uall [5ms]
2022-12-12 23:53:04.441 [info] > git for-each-ref --sort -committerdate --format %(refname) %(objectname) %(*objectname) [2ms]
2022-12-12 23:53:04.528 [info] > git ls-files --stage -- /home/gabrielardevol/three_pigs/hiding_game/hiding_game_view.rb [6ms]
2022-12-12 23:53:04.534 [info] > git ls-files --stage -- /home/gabrielardevol/three_pigs/hiding_game/hiding_game_controller.rb [17ms]
2022-12-12 23:53:04.538 [info] > git ls-files --stage -- /home/gabrielardevol/three_pigs/game_controller.rb [27ms]
2022-12-12 23:53:04.542 [info] > git ls-files --stage -- /home/gabrielardevol/three_pigs/app.rb [37ms]
2022-12-12 23:53:04.548 [info] > git cat-file -s 6b429d7688f9c65dcc53d47e23264f09c70be737 [6ms]
2022-12-12 23:53:04.550 [info] > git cat-file -s f4f1d0f1d3deb63882d0ce16df1fd0056c2aae8f [11ms]
2022-12-12 23:53:04.550 [info] > git cat-file -s eacc600b7530f74cb91603eb21b6dbda27cd28e6 [17ms]
2022-12-12 23:53:04.550 [info] > git ls-files --stage -- /home/gabrielardevol/three_pigs/game_view.rb [23ms]
2022-12-12 23:53:04.560 [info] > git cat-file -s 9157d1e24e13d895728df3b74a3a830132e2ace6 [12ms]
2022-12-12 23:53:04.561 [info] > git cat-file -s 5c675b1f363d534793bb992abdf9ec678548910b [2ms]
2022-12-12 23:53:04.599 [info] > git show --textconv :game_controller.rb [21ms]
2022-12-12 23:53:04.599 [info] > git show --textconv :hiding_game/hiding_game_controller.rb [16ms]
2022-12-12 23:53:04.599 [info] > git show --textconv :hiding_game/hiding_game_view.rb [12ms]
2022-12-12 23:53:04.599 [info] > git show --textconv :app.rb [7ms]
2022-12-12 23:53:04.600 [info] > git show --textconv :game_view.rb [2ms]
