2022-12-10 19:01:34.159 [info] Log level: Info
2022-12-10 19:01:34.159 [info] Validating found git in: "git"
2022-12-10 19:01:34.159 [info] Using git "2.25.1" from "git"
2022-12-10 19:01:34.159 [info] > git rev-parse --show-toplevel [1230ms]
2022-12-10 19:01:34.159 [info] > git rev-parse --git-dir --git-common-dir [101ms]
2022-12-10 19:01:34.159 [info] Open repository: /home/gabrielardevol/lewagon/lewagon
2022-12-10 19:01:34.168 [info] > git rev-parse --show-toplevel [10ms]
2022-12-10 19:01:34.178 [info] > git rev-parse --show-toplevel [3ms]
2022-12-10 19:01:34.186 [info] > git config --get commit.template [19ms]
2022-12-10 19:01:34.188 [info] > git rev-parse --show-toplevel [3ms]
2022-12-10 19:01:34.232 [info] > git rev-parse --show-toplevel [33ms]
2022-12-10 19:01:34.261 [info] > git for-each-ref --format=%(refname)%00%(upstream:short)%00%(objectname)%00%(upstream:track)%00%(upstream:remotename)%00%(upstream:remoteref) refs/heads/master refs/remotes/master [41ms]
2022-12-10 19:01:34.291 [info] > git for-each-ref --sort -committerdate --format %(refname) %(objectname) %(*objectname) [3ms]
2022-12-10 19:01:34.377 [info] > git status -z -uall [106ms]
2022-12-10 19:01:34.453 [info] > git config --get commit.template [9ms]
2022-12-10 19:01:34.475 [info] > git for-each-ref --format=%(refname)%00%(upstream:short)%00%(objectname)%00%(upstream:track)%00%(upstream:remotename)%00%(upstream:remoteref) refs/heads/master refs/remotes/master [15ms]
2022-12-10 19:01:34.551 [info] > git for-each-ref --sort -committerdate --format %(refname) %(objectname) %(*objectname) [63ms]
2022-12-10 19:01:34.717 [info] > git status -z -uall [235ms]
2022-12-10 19:01:34.776 [info] > git check-ignore -v -z --stdin [35ms]
2022-12-10 19:01:37.470 [info] > git check-ignore -v -z --stdin [27ms]
2022-12-10 19:01:40.599 [info] > git check-ignore -v -z --stdin [14ms]
2022-12-10 19:01:42.192 [info] > git check-ignore -v -z --stdin [13ms]
2022-12-10 19:01:45.679 [info] > git check-ignore -v -z --stdin [19ms]
2022-12-10 19:01:49.458 [info] > git show --textconv :02-OOP/03-Cookbook-Day-One/02-Cookbook/spec/controller_spec.rb [20ms]
2022-12-10 19:01:49.487 [info] > git ls-files --stage -- /home/gabrielardevol/lewagon/lewagon/02-OOP/03-Cookbook-Day-One/02-Cookbook/spec/controller_spec.rb [29ms]
2022-12-10 19:01:49.508 [info] > git cat-file -s b19e2957de5b2c9685b21acafc333dd7080f4a7a [2ms]
2022-12-10 19:01:50.876 [info] > git ls-files --stage -- /home/gabrielardevol/lewagon/lewagon/02-OOP/03-Cookbook-Day-One/02-Cookbook/spec/cookbook_helper.rb [7ms]
2022-12-10 19:01:50.907 [info] > git cat-file -s 955a8ef0bb2449e8c67df79c201b25b00f8e8cc5 [21ms]
2022-12-10 19:01:50.908 [info] > git show --textconv :02-OOP/03-Cookbook-Day-One/02-Cookbook/spec/cookbook_helper.rb [49ms]
