2022-12-11 14:43:10.212 [info] Log level: Info
2022-12-11 14:43:10.212 [info] Validating found git in: "git"
2022-12-11 14:43:10.212 [info] Using git "2.25.1" from "git"
2022-12-11 14:43:10.212 [info] > git rev-parse --show-toplevel [2033ms]
2022-12-11 14:43:10.212 [info] > git rev-parse --git-dir --git-common-dir [208ms]
2022-12-11 14:43:10.212 [info] Open repository: /home/gabrielardevol/three_pigs
2022-12-11 14:43:10.215 [info] > git rev-parse --show-toplevel [173ms]
2022-12-11 14:43:10.256 [info] > git rev-parse --show-toplevel [21ms]
2022-12-11 14:43:10.265 [info] > git config --get commit.template [74ms]
2022-12-11 14:43:10.300 [info] > git for-each-ref --format=%(refname)%00%(upstream:short)%00%(objectname)%00%(upstream:track)%00%(upstream:remotename)%00%(upstream:remoteref) refs/heads/main refs/remotes/main [13ms]
2022-12-11 14:43:10.322 [info] > git status -z -uall [11ms]
2022-12-11 14:43:10.324 [info] > git for-each-ref --sort -committerdate --format %(refname) %(objectname) %(*objectname) [4ms]
2022-12-11 14:43:10.485 [info] > git config --get commit.template [117ms]
2022-12-11 14:43:10.591 [info] > git for-each-ref --format=%(refname)%00%(upstream:short)%00%(objectname)%00%(upstream:track)%00%(upstream:remotename)%00%(upstream:remoteref) refs/heads/main refs/remotes/main [13ms]
2022-12-11 14:43:10.662 [info] > git status -z -uall [53ms]
2022-12-11 14:43:10.734 [info] > git show --textconv :view/house_game_view.rb [23ms]
2022-12-11 14:43:10.735 [info] > git for-each-ref --sort -committerdate --format %(refname) %(objectname) %(*objectname) [82ms]
2022-12-11 14:43:10.772 [info] > git ls-files --stage -- /home/gabrielardevol/three_pigs/view/house_game_view.rb [39ms]
2022-12-11 14:43:10.817 [info] > git check-ignore -v -z --stdin [12ms]
2022-12-11 14:43:10.819 [info] > git cat-file -s eb38c6c0181e95c7ab972bae1cd3ffd84a2fa83f [30ms]
2022-12-11 14:47:52.061 [info] > git show --textconv :view/app.rb [23ms]
2022-12-11 14:47:52.062 [info] > git ls-files --stage -- /home/gabrielardevol/three_pigs/view/app.rb [5ms]
2022-12-11 14:47:52.088 [info] > git cat-file -s d65138b3a5c72a9214f4cf8258af13b1a5b8bb02 [6ms]
2022-12-11 14:49:29.810 [info] > git config --get commit.template [2ms]
2022-12-11 14:49:29.820 [info] > git for-each-ref --format=%(refname)%00%(upstream:short)%00%(objectname)%00%(upstream:track)%00%(upstream:remotename)%00%(upstream:remoteref) refs/heads/main refs/remotes/main [2ms]
2022-12-11 14:49:29.841 [info] > git status -z -uall [11ms]
2022-12-11 14:49:29.843 [info] > git for-each-ref --sort -committerdate --format %(refname) %(objectname) %(*objectname) [3ms]
2022-12-11 14:50:12.964 [info] > git config --get commit.template [14ms]
2022-12-11 14:50:12.966 [info] > git for-each-ref --format=%(refname)%00%(upstream:short)%00%(objectname)%00%(upstream:track)%00%(upstream:remotename)%00%(upstream:remoteref) refs/heads/main refs/remotes/main [4ms]
2022-12-11 14:50:12.985 [info] > git status -z -uall [10ms]
2022-12-11 14:50:12.988 [info] > git for-each-ref --sort -committerdate --format %(refname) %(objectname) %(*objectname) [3ms]
2022-12-11 14:50:27.793 [info] > git config --get commit.template [9ms]
2022-12-11 14:50:27.794 [info] > git for-each-ref --format=%(refname)%00%(upstream:short)%00%(objectname)%00%(upstream:track)%00%(upstream:remotename)%00%(upstream:remoteref) refs/heads/main refs/remotes/main [2ms]
2022-12-11 14:50:27.810 [info] > git status -z -uall [7ms]
2022-12-11 14:50:27.811 [info] > git for-each-ref --sort -committerdate --format %(refname) %(objectname) %(*objectname) [2ms]
2022-12-11 14:50:50.784 [info] > git config --get commit.template [2ms]
2022-12-11 14:50:50.795 [info] > git for-each-ref --format=%(refname)%00%(upstream:short)%00%(objectname)%00%(upstream:track)%00%(upstream:remotename)%00%(upstream:remoteref) refs/heads/main refs/remotes/main [2ms]
2022-12-11 14:50:50.813 [info] > git status -z -uall [11ms]
2022-12-11 14:50:50.815 [info] > git for-each-ref --sort -committerdate --format %(refname) %(objectname) %(*objectname) [3ms]
2022-12-11 14:51:15.921 [info] > git ls-files --stage -- /home/gabrielardevol/three_pigs/view/house_game_controller.rb [3ms]
2022-12-11 14:51:15.951 [info] > git show --textconv :view/house_game_controller.rb [44ms]
2022-12-11 14:51:15.953 [info] > git cat-file -s 5eb312fdb20340c4e4444047ffe993567d412e0f [15ms]
2022-12-11 14:51:40.190 [info] > git config --get commit.template [1ms]
2022-12-11 14:51:40.199 [info] > git for-each-ref --format=%(refname)%00%(upstream:short)%00%(objectname)%00%(upstream:track)%00%(upstream:remotename)%00%(upstream:remoteref) refs/heads/main refs/remotes/main [2ms]
2022-12-11 14:51:40.213 [info] > git status -z -uall [8ms]
2022-12-11 14:51:40.214 [info] > git for-each-ref --sort -committerdate --format %(refname) %(objectname) %(*objectname) [2ms]
2022-12-11 14:52:12.714 [info] > git config --get commit.template [3ms]
2022-12-11 14:52:12.725 [info] > git for-each-ref --format=%(refname)%00%(upstream:short)%00%(objectname)%00%(upstream:track)%00%(upstream:remotename)%00%(upstream:remoteref) refs/heads/main refs/remotes/main [2ms]
2022-12-11 14:52:12.746 [info] > git status -z -uall [12ms]
2022-12-11 14:52:12.748 [info] > git for-each-ref --sort -committerdate --format %(refname) %(objectname) %(*objectname) [3ms]
2022-12-11 14:54:01.405 [info] > git ls-files --stage -- /home/gabrielardevol/three_pigs/view/yield_test.rb [7ms]
2022-12-11 14:54:01.441 [info] > git show --textconv :view/yield_test.rb [55ms]
2022-12-11 14:54:01.442 [info] > git cat-file -s 0de9660f532b836bf9a592fc706402c3d5cfa6b1 [15ms]
2022-12-11 14:54:20.464 [info] > git config --get commit.template [11ms]
2022-12-11 14:54:20.465 [info] > git for-each-ref --format=%(refname)%00%(upstream:short)%00%(objectname)%00%(upstream:track)%00%(upstream:remotename)%00%(upstream:remoteref) refs/heads/main refs/remotes/main [3ms]
2022-12-11 14:54:20.486 [info] > git status -z -uall [11ms]
2022-12-11 14:54:20.490 [info] > git for-each-ref --sort -committerdate --format %(refname) %(objectname) %(*objectname) [5ms]
2022-12-11 14:55:41.636 [info] > git config --get commit.template [12ms]
2022-12-11 14:55:41.637 [info] > git for-each-ref --format=%(refname)%00%(upstream:short)%00%(objectname)%00%(upstream:track)%00%(upstream:remotename)%00%(upstream:remoteref) refs/heads/main refs/remotes/main [3ms]
2022-12-11 14:55:41.658 [info] > git status -z -uall [13ms]
2022-12-11 14:55:41.659 [info] > git for-each-ref --sort -committerdate --format %(refname) %(objectname) %(*objectname) [5ms]
2022-12-11 14:56:30.749 [info] > git config --get commit.template [14ms]
2022-12-11 14:56:30.750 [info] > git for-each-ref --format=%(refname)%00%(upstream:short)%00%(objectname)%00%(upstream:track)%00%(upstream:remotename)%00%(upstream:remoteref) refs/heads/main refs/remotes/main [4ms]
2022-12-11 14:56:30.770 [info] > git status -z -uall [11ms]
2022-12-11 14:56:30.772 [info] > git for-each-ref --sort -committerdate --format %(refname) %(objectname) %(*objectname) [3ms]
2022-12-11 14:56:48.986 [info] > git config --get commit.template [19ms]
2022-12-11 14:56:48.987 [info] > git for-each-ref --format=%(refname)%00%(upstream:short)%00%(objectname)%00%(upstream:track)%00%(upstream:remotename)%00%(upstream:remoteref) refs/heads/main refs/remotes/main [11ms]
2022-12-11 14:56:49.015 [info] > git status -z -uall [14ms]
2022-12-11 14:56:49.022 [info] > git for-each-ref --sort -committerdate --format %(refname) %(objectname) %(*objectname) [8ms]
2022-12-11 14:56:57.217 [info] > git config --get commit.template [1ms]
2022-12-11 14:56:57.226 [info] > git for-each-ref --format=%(refname)%00%(upstream:short)%00%(objectname)%00%(upstream:track)%00%(upstream:remotename)%00%(upstream:remoteref) refs/heads/main refs/remotes/main [1ms]
2022-12-11 14:56:57.241 [info] > git status -z -uall [7ms]
2022-12-11 14:56:57.242 [info] > git for-each-ref --sort -committerdate --format %(refname) %(objectname) %(*objectname) [2ms]
2022-12-11 14:57:21.138 [info] > git config --get commit.template [26ms]
2022-12-11 14:57:21.141 [info] > git for-each-ref --format=%(refname)%00%(upstream:short)%00%(objectname)%00%(upstream:track)%00%(upstream:remotename)%00%(upstream:remoteref) refs/heads/main refs/remotes/main [5ms]
2022-12-11 14:57:21.189 [info] > git status -z -uall [23ms]
2022-12-11 14:57:21.195 [info] > git for-each-ref --sort -committerdate --format %(refname) %(objectname) %(*objectname) [6ms]
2022-12-11 15:00:51.771 [info] > git config --get commit.template [10ms]
2022-12-11 15:00:51.772 [info] > git for-each-ref --format=%(refname)%00%(upstream:short)%00%(objectname)%00%(upstream:track)%00%(upstream:remotename)%00%(upstream:remoteref) refs/heads/main refs/remotes/main [2ms]
2022-12-11 15:00:51.787 [info] > git status -z -uall [8ms]
2022-12-11 15:00:51.788 [info] > git for-each-ref --sort -committerdate --format %(refname) %(objectname) %(*objectname) [2ms]
2022-12-11 15:01:15.107 [info] > git config --get commit.template [13ms]
2022-12-11 15:01:15.108 [info] > git for-each-ref --format=%(refname)%00%(upstream:short)%00%(objectname)%00%(upstream:track)%00%(upstream:remotename)%00%(upstream:remoteref) refs/heads/main refs/remotes/main [2ms]
2022-12-11 15:01:15.125 [info] > git status -z -uall [8ms]
2022-12-11 15:01:15.127 [info] > git for-each-ref --sort -committerdate --format %(refname) %(objectname) %(*objectname) [2ms]
2022-12-11 15:02:53.141 [info] > git config --get commit.template [2ms]
2022-12-11 15:02:53.151 [info] > git for-each-ref --format=%(refname)%00%(upstream:short)%00%(objectname)%00%(upstream:track)%00%(upstream:remotename)%00%(upstream:remoteref) refs/heads/main refs/remotes/main [2ms]
2022-12-11 15:02:53.166 [info] > git status -z -uall [8ms]
2022-12-11 15:02:53.168 [info] > git for-each-ref --sort -committerdate --format %(refname) %(objectname) %(*objectname) [2ms]
2022-12-11 15:03:01.411 [info] > git config --get commit.template [7ms]
2022-12-11 15:03:01.421 [info] > git for-each-ref --format=%(refname)%00%(upstream:short)%00%(objectname)%00%(upstream:track)%00%(upstream:remotename)%00%(upstream:remoteref) refs/heads/main refs/remotes/main [2ms]
2022-12-11 15:03:01.443 [info] > git status -z -uall [9ms]
2022-12-11 15:03:01.448 [info] > git for-each-ref --sort -committerdate --format %(refname) %(objectname) %(*objectname) [6ms]
2022-12-11 15:03:41.387 [info] > git config --get commit.template [12ms]
2022-12-11 15:03:41.388 [info] > git for-each-ref --format=%(refname)%00%(upstream:short)%00%(objectname)%00%(upstream:track)%00%(upstream:remotename)%00%(upstream:remoteref) refs/heads/main refs/remotes/main [3ms]
2022-12-11 15:03:41.406 [info] > git status -z -uall [9ms]
2022-12-11 15:03:41.409 [info] > git for-each-ref --sort -committerdate --format %(refname) %(objectname) %(*objectname) [3ms]
2022-12-11 15:04:39.260 [info] > git config --get commit.template [13ms]
2022-12-11 15:04:39.260 [info] > git for-each-ref --format=%(refname)%00%(upstream:short)%00%(objectname)%00%(upstream:track)%00%(upstream:remotename)%00%(upstream:remoteref) refs/heads/main refs/remotes/main [2ms]
2022-12-11 15:04:39.283 [info] > git status -z -uall [12ms]
2022-12-11 15:04:39.285 [info] > git for-each-ref --sort -committerdate --format %(refname) %(objectname) %(*objectname) [3ms]
2022-12-11 15:18:41.727 [info] > git config --get commit.template [10ms]
2022-12-11 15:18:41.728 [info] > git for-each-ref --format=%(refname)%00%(upstream:short)%00%(objectname)%00%(upstream:track)%00%(upstream:remotename)%00%(upstream:remoteref) refs/heads/main refs/remotes/main [3ms]
2022-12-11 15:18:41.750 [info] > git status -z -uall [13ms]
2022-12-11 15:18:41.752 [info] > git for-each-ref --sort -committerdate --format %(refname) %(objectname) %(*objectname) [7ms]
2022-12-11 15:19:40.070 [info] > git config --get commit.template [13ms]
2022-12-11 15:19:40.070 [info] > git for-each-ref --format=%(refname)%00%(upstream:short)%00%(objectname)%00%(upstream:track)%00%(upstream:remotename)%00%(upstream:remoteref) refs/heads/main refs/remotes/main [2ms]
2022-12-11 15:19:40.096 [info] > git status -z -uall [16ms]
2022-12-11 15:19:40.099 [info] > git for-each-ref --sort -committerdate --format %(refname) %(objectname) %(*objectname) [3ms]
2022-12-11 15:20:33.580 [info] > git config --get commit.template [16ms]
2022-12-11 15:20:33.581 [info] > git for-each-ref --format=%(refname)%00%(upstream:short)%00%(objectname)%00%(upstream:track)%00%(upstream:remotename)%00%(upstream:remoteref) refs/heads/main refs/remotes/main [2ms]
2022-12-11 15:20:33.606 [info] > git status -z -uall [13ms]
2022-12-11 15:20:33.609 [info] > git for-each-ref --sort -committerdate --format %(refname) %(objectname) %(*objectname) [3ms]
2022-12-11 15:20:47.966 [info] > git config --get commit.template [11ms]
2022-12-11 15:20:47.967 [info] > git for-each-ref --format=%(refname)%00%(upstream:short)%00%(objectname)%00%(upstream:track)%00%(upstream:remotename)%00%(upstream:remoteref) refs/heads/main refs/remotes/main [2ms]
2022-12-11 15:20:47.986 [info] > git status -z -uall [9ms]
2022-12-11 15:20:47.987 [info] > git for-each-ref --sort -committerdate --format %(refname) %(objectname) %(*objectname) [2ms]
2022-12-11 15:21:19.110 [info] > git add -A -- . [51ms]
2022-12-11 15:21:19.147 [info] > git -c user.useConfigOnly=true commit --quiet --allow-empty-message --file - [25ms]
2022-12-11 15:21:19.168 [info] > git config --get commit.template [10ms]
2022-12-11 15:21:19.189 [info] > git config --get commit.template [1ms]
2022-12-11 15:21:19.207 [info] > git for-each-ref --format=%(refname)%00%(upstream:short)%00%(objectname)%00%(upstream:track)%00%(upstream:remotename)%00%(upstream:remoteref) refs/heads/main refs/remotes/main [8ms]
2022-12-11 15:21:19.230 [info] > git status -z -uall [12ms]
2022-12-11 15:21:19.232 [info] > git for-each-ref --sort -committerdate --format %(refname) %(objectname) %(*objectname) [2ms]
2022-12-11 15:21:19.419 [info] > git config --get commit.template [14ms]
2022-12-11 15:21:19.421 [info] > git for-each-ref --format=%(refname)%00%(upstream:short)%00%(objectname)%00%(upstream:track)%00%(upstream:remotename)%00%(upstream:remoteref) refs/heads/main refs/remotes/main [2ms]
2022-12-11 15:21:19.455 [info] > git status -z -uall [18ms]
2022-12-11 15:21:19.464 [info] > git for-each-ref --sort -committerdate --format %(refname) %(objectname) %(*objectname) [13ms]
2022-12-11 15:21:21.141 [info] > git log --oneline --cherry main...main@{upstream} -- [2ms]
2022-12-11 15:21:21.230 [info] > git ls-files --stage -- /home/gabrielardevol/three_pigs/view/house_game_controller.rb [13ms]
2022-12-11 15:21:21.242 [info] > git ls-files --stage -- /home/gabrielardevol/three_pigs/view/app.rb [35ms]
2022-12-11 15:21:21.255 [info] > git ls-files --stage -- /home/gabrielardevol/three_pigs/view/house_game_view.rb [60ms]
2022-12-11 15:21:21.266 [info] > git cat-file -s 5936976892dbbd7b58562476dbe7577dc3837df2 [12ms]
2022-12-11 15:21:21.267 [info] > git cat-file -s 93bc4c8393e7a24320ebc2135e21ee7225f979ca [26ms]
2022-12-11 15:21:21.270 [info] > git ls-files --stage -- /home/gabrielardevol/three_pigs/view/yield_test.rb [43ms]
2022-12-11 15:21:21.282 [info] > git cat-file -s 81add40074c37fda223e4c39fc2cb7b0e55788ef [19ms]
2022-12-11 15:21:21.283 [info] > git cat-file -s 0de9660f532b836bf9a592fc706402c3d5cfa6b1 [4ms]
2022-12-11 15:21:21.329 [info] > git show --textconv :view/app.rb [27ms]
2022-12-11 15:21:21.329 [info] > git show --textconv :view/house_game_controller.rb [19ms]
2022-12-11 15:21:21.329 [info] > git show --textconv :view/house_game_view.rb [8ms]
2022-12-11 15:21:21.334 [info] > git show --textconv :view/yield_test.rb [6ms]
2022-12-11 15:21:22.456 [info] > git ls-files --stage -- /home/gabrielardevol/three_pigs/view/house_game_controller.rb [49ms]
2022-12-11 15:21:22.476 [info] > git ls-files --stage -- /home/gabrielardevol/three_pigs/view/app.rb [88ms]
2022-12-11 15:21:22.494 [info] > git ls-files --stage -- /home/gabrielardevol/three_pigs/view/house_game_view.rb [126ms]
2022-12-11 15:21:22.521 [info] > git cat-file -s 5936976892dbbd7b58562476dbe7577dc3837df2 [28ms]
2022-12-11 15:21:22.523 [info] > git cat-file -s 93bc4c8393e7a24320ebc2135e21ee7225f979ca [48ms]
2022-12-11 15:21:22.524 [info] > git ls-files --stage -- /home/gabrielardevol/three_pigs/view/yield_test.rb [89ms]
2022-12-11 15:21:22.546 [info] > git cat-file -s 81add40074c37fda223e4c39fc2cb7b0e55788ef [32ms]
2022-12-11 15:21:22.556 [info] > git cat-file -s 0de9660f532b836bf9a592fc706402c3d5cfa6b1 [13ms]
2022-12-11 15:21:22.671 [info] > git show --textconv :view/app.rb [83ms]
2022-12-11 15:21:22.671 [info] > git show --textconv :view/house_game_controller.rb [58ms]
2022-12-11 15:21:22.671 [info] > git show --textconv :view/house_game_view.rb [33ms]
2022-12-11 15:21:22.672 [info] > git show --textconv :view/yield_test.rb [9ms]
2022-12-11 15:21:22.860 [info] > git pull --tags origin main [1710ms]
2022-12-11 15:21:22.860 [info] From github.com:gabrielardevol/3p
 * branch            main       -> FETCH_HEAD
2022-12-11 15:21:23.088 [info] > git push origin main:main [1927ms]
2022-12-11 15:21:23.088 [info] To github.com:gabrielardevol/3p.git
   207d3b8..0b3dabc  main -> main
2022-12-11 15:21:23.150 [info] > git config --get commit.template [26ms]
2022-12-11 15:21:23.156 [info] > git for-each-ref --format=%(refname)%00%(upstream:short)%00%(objectname)%00%(upstream:track)%00%(upstream:remotename)%00%(upstream:remoteref) refs/heads/main refs/remotes/main [10ms]
2022-12-11 15:21:23.204 [info] > git status -z -uall [27ms]
2022-12-11 15:21:23.207 [info] > git for-each-ref --sort -committerdate --format %(refname) %(objectname) %(*objectname) [7ms]
2022-12-11 15:21:24.387 [info] > git ls-files --stage -- /home/gabrielardevol/three_pigs/view/house_game_controller.rb [20ms]
2022-12-11 15:21:24.404 [info] > git ls-files --stage -- /home/gabrielardevol/three_pigs/view/app.rb [54ms]
2022-12-11 15:21:24.420 [info] > git ls-files --stage -- /home/gabrielardevol/three_pigs/view/house_game_view.rb [87ms]
2022-12-11 15:21:24.437 [info] > git cat-file -s 5936976892dbbd7b58562476dbe7577dc3837df2 [18ms]
2022-12-11 15:21:24.439 [info] > git cat-file -s 93bc4c8393e7a24320ebc2135e21ee7225f979ca [37ms]
2022-12-11 15:21:24.440 [info] > git ls-files --stage -- /home/gabrielardevol/three_pigs/view/yield_test.rb [58ms]
2022-12-11 15:21:24.458 [info] > git cat-file -s 81add40074c37fda223e4c39fc2cb7b0e55788ef [23ms]
2022-12-11 15:21:24.463 [info] > git cat-file -s 0de9660f532b836bf9a592fc706402c3d5cfa6b1 [7ms]
2022-12-11 15:21:24.549 [info] > git show --textconv :view/app.rb [62ms]
2022-12-11 15:21:24.549 [info] > git show --textconv :view/house_game_controller.rb [45ms]
2022-12-11 15:21:24.549 [info] > git show --textconv :view/house_game_view.rb [20ms]
2022-12-11 15:21:24.554 [info] > git show --textconv :view/yield_test.rb [6ms]
2022-12-11 15:22:21.661 [info] > git config --get commit.template [9ms]
2022-12-11 15:22:21.662 [info] > git for-each-ref --format=%(refname)%00%(upstream:short)%00%(objectname)%00%(upstream:track)%00%(upstream:remotename)%00%(upstream:remoteref) refs/heads/main refs/remotes/main [1ms]
2022-12-11 15:22:21.681 [info] > git status -z -uall [11ms]
2022-12-11 15:22:21.685 [info] > git for-each-ref --sort -committerdate --format %(refname) %(objectname) %(*objectname) [5ms]
