2022-12-09 15:02:02.723 [info] Log level: Info
2022-12-09 15:02:02.723 [info] Validating found git in: "git"
2022-12-09 15:02:02.723 [info] Using git "2.25.1" from "git"
2022-12-09 15:02:02.723 [info] > git rev-parse --show-toplevel [629ms]
2022-12-09 15:02:02.723 [info] > git rev-parse --git-dir --git-common-dir [5ms]
2022-12-09 15:02:02.723 [info] Open repository: /home/gabrielardevol
2022-12-09 15:02:02.773 [info] > git rev-parse --show-toplevel [88ms]
2022-12-09 15:02:02.812 [info] > git rev-parse --show-toplevel [34ms]
2022-12-09 15:02:02.823 [info] > git config --get commit.template [117ms]
2022-12-09 15:02:02.826 [info] > git rev-parse --show-toplevel [4ms]
2022-12-09 15:02:02.879 [info] > git for-each-ref --format=%(refname)%00%(upstream:short)%00%(objectname)%00%(upstream:track)%00%(upstream:remotename)%00%(upstream:remoteref) refs/heads/master refs/remotes/master [20ms]
2022-12-09 15:02:02.914 [info] > git rev-parse --show-toplevel [74ms]
2022-12-09 15:02:02.926 [info] > git for-each-ref --sort -committerdate --format %(refname) %(objectname) %(*objectname) [13ms]
2022-12-09 15:02:03.327 [info] > git show --textconv :code/lewagon/lectures/active-record-boilerplate/db/seeds.rb [119ms]
2022-12-09 15:02:03.327 [info] > git check-ignore -v -z --stdin [62ms]
2022-12-09 15:02:03.330 [info] > git ls-files --stage -- /home/gabrielardevol/code/lewagon/lectures/active-record-boilerplate/db/seeds.rb [83ms]
2022-12-09 15:02:04.633 [info] > git status -z -uall [1736ms]
2022-12-09 15:02:06.373 [info] > git config --get commit.template [83ms]
2022-12-09 15:02:06.403 [info] > git for-each-ref --format=%(refname)%00%(upstream:short)%00%(objectname)%00%(upstream:track)%00%(upstream:remotename)%00%(upstream:remoteref) refs/heads/master refs/remotes/master [2ms]
2022-12-09 15:02:06.444 [info] > git for-each-ref --sort -committerdate --format %(refname) %(objectname) %(*objectname) [2ms]
2022-12-09 15:02:06.793 [info] > git status -z -uall [372ms]
2022-12-09 15:02:12.368 [info] > git config --get commit.template [2ms]
2022-12-09 15:02:12.377 [info] > git for-each-ref --format=%(refname)%00%(upstream:short)%00%(objectname)%00%(upstream:track)%00%(upstream:remotename)%00%(upstream:remoteref) refs/heads/master refs/remotes/master [2ms]
2022-12-09 15:02:12.391 [info] > git for-each-ref --sort -committerdate --format %(refname) %(objectname) %(*objectname) [1ms]
2022-12-09 15:02:12.557 [info] > git status -z -uall [174ms]
2022-12-09 15:02:18.462 [info] > git config --get commit.template [1ms]
2022-12-09 15:02:18.470 [info] > git for-each-ref --format=%(refname)%00%(upstream:short)%00%(objectname)%00%(upstream:track)%00%(upstream:remotename)%00%(upstream:remoteref) refs/heads/master refs/remotes/master [1ms]
2022-12-09 15:02:18.483 [info] > git for-each-ref --sort -committerdate --format %(refname) %(objectname) %(*objectname) [1ms]
2022-12-09 15:02:18.653 [info] > git status -z -uall [177ms]
2022-12-09 15:02:20.930 [info] > git check-ignore -v -z --stdin [2ms]
2022-12-09 15:02:23.727 [info] > git config --get commit.template [1ms]
2022-12-09 15:02:23.736 [info] > git for-each-ref --format=%(refname)%00%(upstream:short)%00%(objectname)%00%(upstream:track)%00%(upstream:remotename)%00%(upstream:remoteref) refs/heads/master refs/remotes/master [0ms]
2022-12-09 15:02:23.751 [info] > git for-each-ref --sort -committerdate --format %(refname) %(objectname) %(*objectname) [0ms]
2022-12-09 15:02:23.918 [info] > git status -z -uall [176ms]
2022-12-09 15:02:25.595 [info] > git check-ignore -v -z --stdin [4ms]
2022-12-09 15:02:27.563 [info] > git show --textconv :code/lewagon/lectures/active-record-boilerplate/bin/rake [14ms]
2022-12-09 15:02:27.567 [info] > git ls-files --stage -- /home/gabrielardevol/code/lewagon/lectures/active-record-boilerplate/bin/rake [5ms]
2022-12-09 15:02:28.999 [info] > git config --get commit.template [4ms]
2022-12-09 15:02:29.011 [info] > git for-each-ref --format=%(refname)%00%(upstream:short)%00%(objectname)%00%(upstream:track)%00%(upstream:remotename)%00%(upstream:remoteref) refs/heads/master refs/remotes/master [1ms]
2022-12-09 15:02:29.028 [info] > git for-each-ref --sort -committerdate --format %(refname) %(objectname) %(*objectname) [1ms]
2022-12-09 15:02:29.181 [info] > git status -z -uall [163ms]
2022-12-09 15:02:34.167 [info] > git show --textconv :code/lewagon/lectures/active-record-boilerplate/Rakefile [8ms]
2022-12-09 15:02:34.170 [info] > git ls-files --stage -- /home/gabrielardevol/code/lewagon/lectures/active-record-boilerplate/Rakefile [3ms]
2022-12-09 15:02:34.240 [info] > git config --get commit.template [2ms]
2022-12-09 15:02:34.250 [info] > git for-each-ref --format=%(refname)%00%(upstream:short)%00%(objectname)%00%(upstream:track)%00%(upstream:remotename)%00%(upstream:remoteref) refs/heads/master refs/remotes/master [2ms]
2022-12-09 15:02:34.270 [info] > git for-each-ref --sort -committerdate --format %(refname) %(objectname) %(*objectname) [2ms]
2022-12-09 15:02:34.548 [info] > git status -z -uall [290ms]
2022-12-09 15:02:39.682 [info] > git config --get commit.template [3ms]
2022-12-09 15:02:39.692 [info] > git for-each-ref --format=%(refname)%00%(upstream:short)%00%(objectname)%00%(upstream:track)%00%(upstream:remotename)%00%(upstream:remoteref) refs/heads/master refs/remotes/master [1ms]
2022-12-09 15:02:39.708 [info] > git for-each-ref --sort -committerdate --format %(refname) %(objectname) %(*objectname) [2ms]
2022-12-09 15:02:39.860 [info] > git status -z -uall [161ms]
2022-12-09 15:02:44.941 [info] > git config --get commit.template [2ms]
2022-12-09 15:02:44.954 [info] > git for-each-ref --format=%(refname)%00%(upstream:short)%00%(objectname)%00%(upstream:track)%00%(upstream:remotename)%00%(upstream:remoteref) refs/heads/master refs/remotes/master [1ms]
2022-12-09 15:02:44.981 [info] > git for-each-ref --sort -committerdate --format %(refname) %(objectname) %(*objectname) [12ms]
2022-12-09 15:02:45.138 [info] > git status -z -uall [177ms]
2022-12-09 15:02:50.220 [info] > git config --get commit.template [2ms]
2022-12-09 15:02:50.230 [info] > git for-each-ref --format=%(refname)%00%(upstream:short)%00%(objectname)%00%(upstream:track)%00%(upstream:remotename)%00%(upstream:remoteref) refs/heads/master refs/remotes/master [1ms]
2022-12-09 15:02:50.244 [info] > git for-each-ref --sort -committerdate --format %(refname) %(objectname) %(*objectname) [1ms]
2022-12-09 15:02:50.414 [info] > git status -z -uall [178ms]
2022-12-09 15:02:51.298 [info] > git check-ignore -v -z --stdin [27ms]
2022-12-09 15:02:51.747 [info] > git show --textconv :code/lewagon/lectures/active-record-boilerplate/config/application.rb [8ms]
2022-12-09 15:02:51.748 [info] > git ls-files --stage -- /home/gabrielardevol/code/lewagon/lectures/active-record-boilerplate/config/application.rb [2ms]
2022-12-09 15:02:55.505 [info] > git config --get commit.template [4ms]
2022-12-09 15:02:55.517 [info] > git for-each-ref --format=%(refname)%00%(upstream:short)%00%(objectname)%00%(upstream:track)%00%(upstream:remotename)%00%(upstream:remoteref) refs/heads/master refs/remotes/master [2ms]
2022-12-09 15:02:55.537 [info] > git for-each-ref --sort -committerdate --format %(refname) %(objectname) %(*objectname) [2ms]
2022-12-09 15:02:55.688 [info] > git status -z -uall [163ms]
2022-12-09 15:03:00.771 [info] > git config --get commit.template [2ms]
2022-12-09 15:03:00.781 [info] > git for-each-ref --format=%(refname)%00%(upstream:short)%00%(objectname)%00%(upstream:track)%00%(upstream:remotename)%00%(upstream:remoteref) refs/heads/master refs/remotes/master [1ms]
2022-12-09 15:03:00.798 [info] > git for-each-ref --sort -committerdate --format %(refname) %(objectname) %(*objectname) [2ms]
2022-12-09 15:03:00.950 [info] > git status -z -uall [160ms]
2022-12-09 15:03:06.011 [info] > git config --get commit.template [1ms]
2022-12-09 15:03:06.019 [info] > git for-each-ref --format=%(refname)%00%(upstream:short)%00%(objectname)%00%(upstream:track)%00%(upstream:remotename)%00%(upstream:remoteref) refs/heads/master refs/remotes/master [1ms]
2022-12-09 15:03:06.035 [info] > git for-each-ref --sort -committerdate --format %(refname) %(objectname) %(*objectname) [1ms]
2022-12-09 15:03:06.214 [info] > git status -z -uall [188ms]
2022-12-09 15:03:11.281 [info] > git config --get commit.template [0ms]
2022-12-09 15:03:11.292 [info] > git for-each-ref --format=%(refname)%00%(upstream:short)%00%(objectname)%00%(upstream:track)%00%(upstream:remotename)%00%(upstream:remoteref) refs/heads/master refs/remotes/master [1ms]
2022-12-09 15:03:11.312 [info] > git for-each-ref --sort -committerdate --format %(refname) %(objectname) %(*objectname) [1ms]
2022-12-09 15:03:11.476 [info] > git status -z -uall [177ms]
2022-12-09 15:03:16.939 [info] > git config --get commit.template [1ms]
2022-12-09 15:03:16.947 [info] > git for-each-ref --format=%(refname)%00%(upstream:short)%00%(objectname)%00%(upstream:track)%00%(upstream:remotename)%00%(upstream:remoteref) refs/heads/master refs/remotes/master [0ms]
2022-12-09 15:03:16.966 [info] > git for-each-ref --sort -committerdate --format %(refname) %(objectname) %(*objectname) [1ms]
2022-12-09 15:03:17.180 [info] > git status -z -uall [225ms]
2022-12-09 15:03:18.998 [info] > git show --textconv :code/lewagon/lectures/active-record-boilerplate/Rakefile [9ms]
2022-12-09 15:03:19.000 [info] > git ls-files --stage -- /home/gabrielardevol/code/lewagon/lectures/active-record-boilerplate/Rakefile [2ms]
2022-12-09 15:03:22.256 [info] > git config --get commit.template [1ms]
2022-12-09 15:03:22.265 [info] > git for-each-ref --format=%(refname)%00%(upstream:short)%00%(objectname)%00%(upstream:track)%00%(upstream:remotename)%00%(upstream:remoteref) refs/heads/master refs/remotes/master [1ms]
2022-12-09 15:03:22.282 [info] > git for-each-ref --sort -committerdate --format %(refname) %(objectname) %(*objectname) [2ms]
2022-12-09 15:03:22.456 [info] > git status -z -uall [185ms]
2022-12-09 15:03:23.676 [info] > git show --textconv :code/lewagon/lectures/active-record-boilerplate/config/application.rb [17ms]
2022-12-09 15:03:23.683 [info] > git ls-files --stage -- /home/gabrielardevol/code/lewagon/lectures/active-record-boilerplate/config/application.rb [8ms]
2022-12-09 15:03:27.537 [info] > git config --get commit.template [2ms]
2022-12-09 15:03:27.549 [info] > git for-each-ref --format=%(refname)%00%(upstream:short)%00%(objectname)%00%(upstream:track)%00%(upstream:remotename)%00%(upstream:remoteref) refs/heads/master refs/remotes/master [1ms]
2022-12-09 15:03:27.565 [info] > git for-each-ref --sort -committerdate --format %(refname) %(objectname) %(*objectname) [1ms]
2022-12-09 15:03:27.730 [info] > git status -z -uall [174ms]
2022-12-09 15:03:32.815 [info] > git config --get commit.template [3ms]
2022-12-09 15:03:32.828 [info] > git for-each-ref --format=%(refname)%00%(upstream:short)%00%(objectname)%00%(upstream:track)%00%(upstream:remotename)%00%(upstream:remoteref) refs/heads/master refs/remotes/master [1ms]
2022-12-09 15:03:32.859 [info] > git for-each-ref --sort -committerdate --format %(refname) %(objectname) %(*objectname) [14ms]
2022-12-09 15:03:33.001 [info] > git status -z -uall [165ms]
2022-12-09 15:03:38.091 [info] > git config --get commit.template [17ms]
2022-12-09 15:03:38.092 [info] > git for-each-ref --format=%(refname)%00%(upstream:short)%00%(objectname)%00%(upstream:track)%00%(upstream:remotename)%00%(upstream:remoteref) refs/heads/master refs/remotes/master [2ms]
2022-12-09 15:03:38.107 [info] > git for-each-ref --sort -committerdate --format %(refname) %(objectname) %(*objectname) [1ms]
2022-12-09 15:03:38.261 [info] > git status -z -uall [162ms]
2022-12-09 15:03:43.350 [info] > git config --get commit.template [3ms]
2022-12-09 15:03:43.363 [info] > git for-each-ref --format=%(refname)%00%(upstream:short)%00%(objectname)%00%(upstream:track)%00%(upstream:remotename)%00%(upstream:remoteref) refs/heads/master refs/remotes/master [2ms]
2022-12-09 15:03:43.380 [info] > git for-each-ref --sort -committerdate --format %(refname) %(objectname) %(*objectname) [1ms]
2022-12-09 15:03:43.533 [info] > git status -z -uall [162ms]
2022-12-09 15:03:48.608 [info] > git config --get commit.template [2ms]
2022-12-09 15:03:48.619 [info] > git for-each-ref --format=%(refname)%00%(upstream:short)%00%(objectname)%00%(upstream:track)%00%(upstream:remotename)%00%(upstream:remoteref) refs/heads/master refs/remotes/master [1ms]
2022-12-09 15:03:48.640 [info] > git for-each-ref --sort -committerdate --format %(refname) %(objectname) %(*objectname) [1ms]
2022-12-09 15:03:48.798 [info] > git status -z -uall [169ms]
2022-12-09 15:03:53.882 [info] > git config --get commit.template [2ms]
2022-12-09 15:03:53.895 [info] > git for-each-ref --format=%(refname)%00%(upstream:short)%00%(objectname)%00%(upstream:track)%00%(upstream:remotename)%00%(upstream:remoteref) refs/heads/master refs/remotes/master [1ms]
2022-12-09 15:03:53.913 [info] > git for-each-ref --sort -committerdate --format %(refname) %(objectname) %(*objectname) [1ms]
2022-12-09 15:03:54.087 [info] > git status -z -uall [184ms]
2022-12-09 15:03:59.161 [info] > git config --get commit.template [1ms]
2022-12-09 15:03:59.169 [info] > git for-each-ref --format=%(refname)%00%(upstream:short)%00%(objectname)%00%(upstream:track)%00%(upstream:remotename)%00%(upstream:remoteref) refs/heads/master refs/remotes/master [1ms]
2022-12-09 15:03:59.183 [info] > git for-each-ref --sort -committerdate --format %(refname) %(objectname) %(*objectname) [1ms]
2022-12-09 15:03:59.337 [info] > git status -z -uall [162ms]
2022-12-09 15:04:02.441 [info] > git show --textconv :code/lewagon/lectures/active-record-boilerplate/db/seeds.rb [8ms]
2022-12-09 15:04:02.443 [info] > git ls-files --stage -- /home/gabrielardevol/code/lewagon/lectures/active-record-boilerplate/db/seeds.rb [3ms]
2022-12-09 15:04:04.411 [info] > git config --get commit.template [9ms]
2022-12-09 15:04:04.411 [info] > git for-each-ref --format=%(refname)%00%(upstream:short)%00%(objectname)%00%(upstream:track)%00%(upstream:remotename)%00%(upstream:remoteref) refs/heads/master refs/remotes/master [1ms]
2022-12-09 15:04:04.428 [info] > git for-each-ref --sort -committerdate --format %(refname) %(objectname) %(*objectname) [1ms]
2022-12-09 15:04:04.587 [info] > git status -z -uall [169ms]
2022-12-09 15:04:08.503 [info] > git show --textconv :code/lewagon/lectures/active-record-boilerplate/Gemfile [9ms]
2022-12-09 15:04:08.504 [info] > git ls-files --stage -- /home/gabrielardevol/code/lewagon/lectures/active-record-boilerplate/Gemfile [2ms]
2022-12-09 15:04:09.675 [info] > git config --get commit.template [15ms]
2022-12-09 15:04:09.675 [info] > git for-each-ref --format=%(refname)%00%(upstream:short)%00%(objectname)%00%(upstream:track)%00%(upstream:remotename)%00%(upstream:remoteref) refs/heads/master refs/remotes/master [1ms]
2022-12-09 15:04:09.692 [info] > git for-each-ref --sort -committerdate --format %(refname) %(objectname) %(*objectname) [2ms]
2022-12-09 15:04:09.844 [info] > git status -z -uall [161ms]
2022-12-09 15:04:13.553 [info] > git show --textconv :code/lewagon/lectures/active-record-boilerplate/Gemfile.lock [11ms]
2022-12-09 15:04:13.559 [info] > git ls-files --stage -- /home/gabrielardevol/code/lewagon/lectures/active-record-boilerplate/Gemfile.lock [7ms]
2022-12-09 15:04:14.931 [info] > git config --get commit.template [11ms]
2022-12-09 15:04:14.933 [info] > git for-each-ref --format=%(refname)%00%(upstream:short)%00%(objectname)%00%(upstream:track)%00%(upstream:remotename)%00%(upstream:remoteref) refs/heads/master refs/remotes/master [2ms]
2022-12-09 15:04:14.952 [info] > git for-each-ref --sort -committerdate --format %(refname) %(objectname) %(*objectname) [1ms]
2022-12-09 15:04:15.101 [info] > git status -z -uall [159ms]
2022-12-09 15:04:20.184 [info] > git config --get commit.template [10ms]
2022-12-09 15:04:20.185 [info] > git for-each-ref --format=%(refname)%00%(upstream:short)%00%(objectname)%00%(upstream:track)%00%(upstream:remotename)%00%(upstream:remoteref) refs/heads/master refs/remotes/master [1ms]
2022-12-09 15:04:20.204 [info] > git for-each-ref --sort -committerdate --format %(refname) %(objectname) %(*objectname) [1ms]
2022-12-09 15:04:20.480 [info] > git status -z -uall [289ms]
2022-12-09 15:04:20.583 [info] > git show --textconv :code/lewagon/lectures/active-record-boilerplate/Gemfile [10ms]
2022-12-09 15:04:20.583 [info] > git ls-files --stage -- /home/gabrielardevol/code/lewagon/lectures/active-record-boilerplate/Gemfile [2ms]
2022-12-09 15:04:25.579 [info] > git config --get commit.template [8ms]
2022-12-09 15:04:25.580 [info] > git for-each-ref --format=%(refname)%00%(upstream:short)%00%(objectname)%00%(upstream:track)%00%(upstream:remotename)%00%(upstream:remoteref) refs/heads/master refs/remotes/master [1ms]
2022-12-09 15:04:25.595 [info] > git for-each-ref --sort -committerdate --format %(refname) %(objectname) %(*objectname) [1ms]
2022-12-09 15:04:25.748 [info] > git status -z -uall [162ms]
2022-12-09 15:04:30.826 [info] > git config --get commit.template [4ms]
2022-12-09 15:04:30.838 [info] > git for-each-ref --format=%(refname)%00%(upstream:short)%00%(objectname)%00%(upstream:track)%00%(upstream:remotename)%00%(upstream:remoteref) refs/heads/master refs/remotes/master [1ms]
2022-12-09 15:04:30.855 [info] > git for-each-ref --sort -committerdate --format %(refname) %(objectname) %(*objectname) [1ms]
2022-12-09 15:04:31.009 [info] > git status -z -uall [163ms]
2022-12-09 15:04:51.297 [info] > git config --get commit.template [2ms]
2022-12-09 15:04:51.314 [info] > git for-each-ref --format=%(refname)%00%(upstream:short)%00%(objectname)%00%(upstream:track)%00%(upstream:remotename)%00%(upstream:remoteref) refs/heads/master refs/remotes/master [2ms]
2022-12-09 15:04:51.403 [info] > git for-each-ref --sort -committerdate --format %(refname) %(objectname) %(*objectname) [35ms]
2022-12-09 15:04:51.544 [info] > git status -z -uall [219ms]
2022-12-09 15:04:56.646 [info] > git config --get commit.template [1ms]
2022-12-09 15:04:56.658 [info] > git for-each-ref --format=%(refname)%00%(upstream:short)%00%(objectname)%00%(upstream:track)%00%(upstream:remotename)%00%(upstream:remoteref) refs/heads/master refs/remotes/master [1ms]
2022-12-09 15:04:56.677 [info] > git for-each-ref --sort -committerdate --format %(refname) %(objectname) %(*objectname) [1ms]
2022-12-09 15:04:56.858 [info] > git status -z -uall [192ms]
2022-12-09 15:04:57.672 [info] > git check-ignore -v -z --stdin [23ms]
2022-12-09 15:05:01.948 [info] > git config --get commit.template [4ms]
2022-12-09 15:05:01.962 [info] > git for-each-ref --format=%(refname)%00%(upstream:short)%00%(objectname)%00%(upstream:track)%00%(upstream:remotename)%00%(upstream:remoteref) refs/heads/master refs/remotes/master [1ms]
2022-12-09 15:05:01.979 [info] > git for-each-ref --sort -committerdate --format %(refname) %(objectname) %(*objectname) [1ms]
2022-12-09 15:05:02.131 [info] > git status -z -uall [161ms]
2022-12-09 15:05:07.957 [info] > git config --get commit.template [10ms]
2022-12-09 15:05:07.962 [info] > git for-each-ref --format=%(refname)%00%(upstream:short)%00%(objectname)%00%(upstream:track)%00%(upstream:remotename)%00%(upstream:remoteref) refs/heads/master refs/remotes/master [3ms]
2022-12-09 15:05:07.993 [info] > git for-each-ref --sort -committerdate --format %(refname) %(objectname) %(*objectname) [10ms]
2022-12-09 15:05:08.186 [info] > git status -z -uall [216ms]
2022-12-09 15:05:11.612 [info] > git show --textconv :code/lewagon/lectures/active-record-boilerplate/config/database.yml [16ms]
2022-12-09 15:05:11.620 [info] > git ls-files --stage -- /home/gabrielardevol/code/lewagon/lectures/active-record-boilerplate/config/database.yml [9ms]
2022-12-09 15:05:13.267 [info] > git config --get commit.template [3ms]
2022-12-09 15:05:13.277 [info] > git for-each-ref --format=%(refname)%00%(upstream:short)%00%(objectname)%00%(upstream:track)%00%(upstream:remotename)%00%(upstream:remoteref) refs/heads/master refs/remotes/master [1ms]
2022-12-09 15:05:13.296 [info] > git for-each-ref --sort -committerdate --format %(refname) %(objectname) %(*objectname) [2ms]
2022-12-09 15:05:13.460 [info] > git status -z -uall [174ms]
2022-12-09 15:06:09.103 [info] > git config --get commit.template [1ms]
2022-12-09 15:06:09.114 [info] > git for-each-ref --format=%(refname)%00%(upstream:short)%00%(objectname)%00%(upstream:track)%00%(upstream:remotename)%00%(upstream:remoteref) refs/heads/master refs/remotes/master [1ms]
2022-12-09 15:06:09.126 [info] > git for-each-ref --sort -committerdate --format %(refname) %(objectname) %(*objectname) [1ms]
2022-12-09 15:06:09.332 [info] > git status -z -uall [213ms]
2022-12-09 15:07:28.012 [info] > git config --get commit.template [13ms]
2022-12-09 15:07:28.013 [info] > git for-each-ref --format=%(refname)%00%(upstream:short)%00%(objectname)%00%(upstream:track)%00%(upstream:remotename)%00%(upstream:remoteref) refs/heads/master refs/remotes/master [3ms]
2022-12-09 15:07:28.037 [info] > git for-each-ref --sort -committerdate --format %(refname) %(objectname) %(*objectname) [2ms]
2022-12-09 15:07:28.260 [info] > git status -z -uall [238ms]
2022-12-09 15:07:33.376 [info] > git config --get commit.template [12ms]
2022-12-09 15:07:33.377 [info] > git for-each-ref --format=%(refname)%00%(upstream:short)%00%(objectname)%00%(upstream:track)%00%(upstream:remotename)%00%(upstream:remoteref) refs/heads/master refs/remotes/master [1ms]
2022-12-09 15:07:33.392 [info] > git for-each-ref --sort -committerdate --format %(refname) %(objectname) %(*objectname) [2ms]
2022-12-09 15:07:33.568 [info] > git status -z -uall [185ms]
2022-12-09 15:07:40.175 [info] > git config --get commit.template [15ms]
2022-12-09 15:07:40.175 [info] > git for-each-ref --format=%(refname)%00%(upstream:short)%00%(objectname)%00%(upstream:track)%00%(upstream:remotename)%00%(upstream:remoteref) refs/heads/master refs/remotes/master [1ms]
2022-12-09 15:07:40.197 [info] > git for-each-ref --sort -committerdate --format %(refname) %(objectname) %(*objectname) [2ms]
2022-12-09 15:07:40.374 [info] > git status -z -uall [191ms]
2022-12-09 15:10:37.428 [info] > git check-ignore -v -z --stdin [2ms]
2022-12-09 15:11:20.654 [info] > git check-ignore -v -z --stdin [3ms]
2022-12-09 15:19:01.578 [info] > git config --get commit.template [8ms]
2022-12-09 15:19:01.579 [info] > git for-each-ref --format=%(refname)%00%(upstream:short)%00%(objectname)%00%(upstream:track)%00%(upstream:remotename)%00%(upstream:remoteref) refs/heads/master refs/remotes/master [3ms]
2022-12-09 15:19:01.594 [info] > git for-each-ref --sort -committerdate --format %(refname) %(objectname) %(*objectname) [1ms]
2022-12-09 15:19:01.979 [info] > git show --textconv :code/lewagon/lectures/active-record-boilerplate/Rakefile [11ms]
2022-12-09 15:19:01.981 [info] > git ls-files --stage -- /home/gabrielardevol/code/lewagon/lectures/active-record-boilerplate/Rakefile [4ms]
2022-12-09 15:19:02.028 [info] > git status -z -uall [443ms]
2022-12-09 15:19:07.149 [info] > git config --get commit.template [1ms]
2022-12-09 15:19:07.156 [info] > git for-each-ref --format=%(refname)%00%(upstream:short)%00%(objectname)%00%(upstream:track)%00%(upstream:remotename)%00%(upstream:remoteref) refs/heads/master refs/remotes/master [1ms]
2022-12-09 15:19:07.168 [info] > git for-each-ref --sort -committerdate --format %(refname) %(objectname) %(*objectname) [1ms]
2022-12-09 15:19:07.323 [info] > git status -z -uall [162ms]
2022-12-09 15:19:12.414 [info] > git config --get commit.template [12ms]
2022-12-09 15:19:12.415 [info] > git for-each-ref --format=%(refname)%00%(upstream:short)%00%(objectname)%00%(upstream:track)%00%(upstream:remotename)%00%(upstream:remoteref) refs/heads/master refs/remotes/master [3ms]
2022-12-09 15:19:12.432 [info] > git for-each-ref --sort -committerdate --format %(refname) %(objectname) %(*objectname) [1ms]
2022-12-09 15:19:12.595 [info] > git status -z -uall [172ms]
2022-12-09 15:19:17.695 [info] > git config --get commit.template [7ms]
2022-12-09 15:19:17.695 [info] > git for-each-ref --format=%(refname)%00%(upstream:short)%00%(objectname)%00%(upstream:track)%00%(upstream:remotename)%00%(upstream:remoteref) refs/heads/master refs/remotes/master [1ms]
2022-12-09 15:19:17.713 [info] > git for-each-ref --sort -committerdate --format %(refname) %(objectname) %(*objectname) [1ms]
2022-12-09 15:19:17.877 [info] > git status -z -uall [174ms]
2022-12-09 15:19:22.968 [info] > git config --get commit.template [11ms]
2022-12-09 15:19:22.970 [info] > git for-each-ref --format=%(refname)%00%(upstream:short)%00%(objectname)%00%(upstream:track)%00%(upstream:remotename)%00%(upstream:remoteref) refs/heads/master refs/remotes/master [1ms]
2022-12-09 15:19:22.986 [info] > git for-each-ref --sort -committerdate --format %(refname) %(objectname) %(*objectname) [1ms]
2022-12-09 15:19:23.157 [info] > git status -z -uall [181ms]
2022-12-09 15:19:28.222 [info] > git config --get commit.template [1ms]
2022-12-09 15:19:28.230 [info] > git for-each-ref --format=%(refname)%00%(upstream:short)%00%(objectname)%00%(upstream:track)%00%(upstream:remotename)%00%(upstream:remoteref) refs/heads/master refs/remotes/master [1ms]
2022-12-09 15:19:28.247 [info] > git for-each-ref --sort -committerdate --format %(refname) %(objectname) %(*objectname) [1ms]
2022-12-09 15:19:28.469 [info] > git status -z -uall [231ms]
2022-12-09 15:19:33.564 [info] > git config --get commit.template [13ms]
2022-12-09 15:19:33.565 [info] > git for-each-ref --format=%(refname)%00%(upstream:short)%00%(objectname)%00%(upstream:track)%00%(upstream:remotename)%00%(upstream:remoteref) refs/heads/master refs/remotes/master [2ms]
2022-12-09 15:19:33.581 [info] > git for-each-ref --sort -committerdate --format %(refname) %(objectname) %(*objectname) [1ms]
2022-12-09 15:19:33.735 [info] > git status -z -uall [162ms]
2022-12-09 15:19:38.796 [info] > git config --get commit.template [1ms]
2022-12-09 15:19:38.804 [info] > git for-each-ref --format=%(refname)%00%(upstream:short)%00%(objectname)%00%(upstream:track)%00%(upstream:remotename)%00%(upstream:remoteref) refs/heads/master refs/remotes/master [1ms]
2022-12-09 15:19:38.822 [info] > git for-each-ref --sort -committerdate --format %(refname) %(objectname) %(*objectname) [2ms]
2022-12-09 15:19:38.998 [info] > git status -z -uall [187ms]
2022-12-09 15:19:44.090 [info] > git config --get commit.template [12ms]
2022-12-09 15:19:44.091 [info] > git for-each-ref --format=%(refname)%00%(upstream:short)%00%(objectname)%00%(upstream:track)%00%(upstream:remotename)%00%(upstream:remoteref) refs/heads/master refs/remotes/master [2ms]
2022-12-09 15:19:44.127 [info] > git for-each-ref --sort -committerdate --format %(refname) %(objectname) %(*objectname) [21ms]
2022-12-09 15:19:44.316 [info] > git status -z -uall [218ms]
2022-12-09 15:19:49.438 [info] > git config --get commit.template [2ms]
2022-12-09 15:19:49.447 [info] > git for-each-ref --format=%(refname)%00%(upstream:short)%00%(objectname)%00%(upstream:track)%00%(upstream:remotename)%00%(upstream:remoteref) refs/heads/master refs/remotes/master [1ms]
2022-12-09 15:19:49.461 [info] > git for-each-ref --sort -committerdate --format %(refname) %(objectname) %(*objectname) [1ms]
2022-12-09 15:19:49.626 [info] > git status -z -uall [172ms]
2022-12-09 15:20:00.435 [info] > git config --get commit.template [11ms]
2022-12-09 15:20:00.436 [info] > git for-each-ref --format=%(refname)%00%(upstream:short)%00%(objectname)%00%(upstream:track)%00%(upstream:remotename)%00%(upstream:remoteref) refs/heads/master refs/remotes/master [2ms]
2022-12-09 15:20:00.453 [info] > git for-each-ref --sort -committerdate --format %(refname) %(objectname) %(*objectname) [1ms]
2022-12-09 15:20:00.629 [info] > git status -z -uall [187ms]
2022-12-09 15:20:05.708 [info] > git config --get commit.template [2ms]
2022-12-09 15:20:05.716 [info] > git for-each-ref --format=%(refname)%00%(upstream:short)%00%(objectname)%00%(upstream:track)%00%(upstream:remotename)%00%(upstream:remoteref) refs/heads/master refs/remotes/master [1ms]
2022-12-09 15:20:05.731 [info] > git for-each-ref --sort -committerdate --format %(refname) %(objectname) %(*objectname) [1ms]
2022-12-09 15:20:06.024 [info] > git status -z -uall [300ms]
2022-12-09 15:20:11.124 [info] > git config --get commit.template [2ms]
2022-12-09 15:20:11.135 [info] > git for-each-ref --format=%(refname)%00%(upstream:short)%00%(objectname)%00%(upstream:track)%00%(upstream:remotename)%00%(upstream:remoteref) refs/heads/master refs/remotes/master [1ms]
2022-12-09 15:20:11.152 [info] > git for-each-ref --sort -committerdate --format %(refname) %(objectname) %(*objectname) [2ms]
2022-12-09 15:20:11.309 [info] > git status -z -uall [167ms]
2022-12-09 15:20:17.219 [info] > git config --get commit.template [7ms]
2022-12-09 15:20:17.220 [info] > git for-each-ref --format=%(refname)%00%(upstream:short)%00%(objectname)%00%(upstream:track)%00%(upstream:remotename)%00%(upstream:remoteref) refs/heads/master refs/remotes/master [3ms]
2022-12-09 15:20:17.235 [info] > git for-each-ref --sort -committerdate --format %(refname) %(objectname) %(*objectname) [2ms]
2022-12-09 15:20:17.433 [info] > git status -z -uall [206ms]
2022-12-09 15:20:27.993 [info] > git config --get commit.template [9ms]
2022-12-09 15:20:27.994 [info] > git for-each-ref --format=%(refname)%00%(upstream:short)%00%(objectname)%00%(upstream:track)%00%(upstream:remotename)%00%(upstream:remoteref) refs/heads/master refs/remotes/master [1ms]
2022-12-09 15:20:28.012 [info] > git for-each-ref --sort -committerdate --format %(refname) %(objectname) %(*objectname) [2ms]
2022-12-09 15:20:28.185 [info] > git status -z -uall [184ms]
2022-12-09 15:20:33.267 [info] > git config --get commit.template [1ms]
2022-12-09 15:20:33.285 [info] > git for-each-ref --format=%(refname)%00%(upstream:short)%00%(objectname)%00%(upstream:track)%00%(upstream:remotename)%00%(upstream:remoteref) refs/heads/master refs/remotes/master [2ms]
2022-12-09 15:20:33.318 [info] > git for-each-ref --sort -committerdate --format %(refname) %(objectname) %(*objectname) [2ms]
2022-12-09 15:20:33.553 [info] > git status -z -uall [250ms]
2022-12-09 15:20:38.661 [info] > git config --get commit.template [12ms]
2022-12-09 15:20:38.662 [info] > git for-each-ref --format=%(refname)%00%(upstream:short)%00%(objectname)%00%(upstream:track)%00%(upstream:remotename)%00%(upstream:remoteref) refs/heads/master refs/remotes/master [3ms]
2022-12-09 15:20:38.680 [info] > git for-each-ref --sort -committerdate --format %(refname) %(objectname) %(*objectname) [1ms]
2022-12-09 15:20:38.847 [info] > git status -z -uall [175ms]
2022-12-09 15:20:43.928 [info] > git config --get commit.template [2ms]
2022-12-09 15:20:43.938 [info] > git for-each-ref --format=%(refname)%00%(upstream:short)%00%(objectname)%00%(upstream:track)%00%(upstream:remotename)%00%(upstream:remoteref) refs/heads/master refs/remotes/master [1ms]
2022-12-09 15:20:43.952 [info] > git for-each-ref --sort -committerdate --format %(refname) %(objectname) %(*objectname) [1ms]
2022-12-09 15:20:44.118 [info] > git status -z -uall [174ms]
2022-12-09 15:20:49.207 [info] > git config --get commit.template [15ms]
2022-12-09 15:20:49.207 [info] > git for-each-ref --format=%(refname)%00%(upstream:short)%00%(objectname)%00%(upstream:track)%00%(upstream:remotename)%00%(upstream:remoteref) refs/heads/master refs/remotes/master [1ms]
2022-12-09 15:20:49.234 [info] > git for-each-ref --sort -committerdate --format %(refname) %(objectname) %(*objectname) [9ms]
2022-12-09 15:20:49.432 [info] > git status -z -uall [216ms]
2022-12-09 15:20:54.525 [info] > git config --get commit.template [8ms]
2022-12-09 15:20:54.525 [info] > git for-each-ref --format=%(refname)%00%(upstream:short)%00%(objectname)%00%(upstream:track)%00%(upstream:remotename)%00%(upstream:remoteref) refs/heads/master refs/remotes/master [1ms]
2022-12-09 15:20:54.541 [info] > git for-each-ref --sort -committerdate --format %(refname) %(objectname) %(*objectname) [1ms]
2022-12-09 15:20:54.702 [info] > git status -z -uall [170ms]
2022-12-09 15:21:07.017 [info] > git config --get commit.template [16ms]
2022-12-09 15:21:07.018 [info] > git for-each-ref --format=%(refname)%00%(upstream:short)%00%(objectname)%00%(upstream:track)%00%(upstream:remotename)%00%(upstream:remoteref) refs/heads/master refs/remotes/master [2ms]
2022-12-09 15:21:07.040 [info] > git for-each-ref --sort -committerdate --format %(refname) %(objectname) %(*objectname) [2ms]
2022-12-09 15:21:07.222 [info] > git status -z -uall [196ms]
2022-12-10 18:35:21.387 [info] > git config --get commit.template [18ms]
2022-12-10 18:35:21.392 [info] > git for-each-ref --format=%(refname)%00%(upstream:short)%00%(objectname)%00%(upstream:track)%00%(upstream:remotename)%00%(upstream:remoteref) refs/heads/master refs/remotes/master [4ms]
