2022-12-16 14:10:08.482 [info] Log level: Info
2022-12-16 14:10:08.482 [info] Validating found git in: "git"
2022-12-16 14:10:08.482 [info] Using git "2.25.1" from "git"
2022-12-16 14:10:08.482 [info] > git rev-parse --show-toplevel [1426ms]
2022-12-16 14:10:08.482 [info] > git rev-parse --git-dir --git-common-dir [8ms]
2022-12-16 14:10:08.482 [info] Open repository: /home/gabrielardevol/lewagon/lewagon
2022-12-16 14:10:08.483 [info] > git rev-parse --show-toplevel [82ms]
2022-12-16 14:10:08.506 [info] > git config --get commit.template [89ms]
2022-12-16 14:10:08.509 [info] > git rev-parse --show-toplevel [13ms]
2022-12-16 14:10:08.573 [info] > git rev-parse --show-toplevel [51ms]
2022-12-16 14:10:08.585 [info] > git for-each-ref --format=%(refname)%00%(upstream:short)%00%(objectname)%00%(upstream:track)%00%(upstream:remotename)%00%(upstream:remoteref) refs/heads/master refs/remotes/master [36ms]
2022-12-16 14:10:08.617 [info] > git rev-parse --show-toplevel [33ms]
2022-12-16 14:10:08.641 [info] > git rev-parse --show-toplevel [11ms]
2022-12-16 14:10:08.655 [info] > git for-each-ref --sort -committerdate --format %(refname) %(objectname) %(*objectname) [39ms]
2022-12-16 14:10:08.754 [info] > git status -z -uall [161ms]
2022-12-16 14:10:08.754 [info] > git rev-parse --show-toplevel [104ms]
2022-12-16 14:10:08.769 [info] > git rev-parse --show-toplevel [6ms]
2022-12-16 14:10:08.861 [info] > git config --get commit.template [7ms]
2022-12-16 14:10:08.905 [info] > git for-each-ref --format=%(refname)%00%(upstream:short)%00%(objectname)%00%(upstream:track)%00%(upstream:remotename)%00%(upstream:remoteref) refs/heads/master refs/remotes/master [32ms]
2022-12-16 14:10:08.924 [info] > git for-each-ref --sort -committerdate --format %(refname) %(objectname) %(*objectname) [6ms]
2022-12-16 14:10:09.043 [info] > git status -z -uall [131ms]
2022-12-16 14:10:09.051 [info] > git check-ignore -v -z --stdin [34ms]
2022-12-16 14:10:09.422 [info] > git show --textconv :03-AR-Database/02-SQL-CRUD/02-Read/app/models/post.rb [85ms]
2022-12-16 14:10:09.422 [info] > git ls-files --stage -- /home/gabrielardevol/lewagon/lewagon/03-AR-Database/02-SQL-CRUD/02-Read/app/models/post.rb [68ms]
2022-12-16 14:10:09.463 [info] > git cat-file -s a220052991a6e792d85c6552e49c29ca545a9a1e [12ms]
2022-12-16 14:13:17.855 [info] > git show --textconv :03-AR-Database/02-SQL-CRUD/02-Read/app/models/post2.rb [8ms]
2022-12-16 14:13:17.858 [info] > git ls-files --stage -- /home/gabrielardevol/lewagon/lewagon/03-AR-Database/02-SQL-CRUD/02-Read/app/models/post2.rb [4ms]
2022-12-16 14:13:47.257 [info] > git check-ignore -v -z --stdin [11ms]
2022-12-16 14:13:48.115 [info] > git show --textconv :03-AR-Database/02-SQL-CRUD/02-Read/testzone/test.rb [13ms]
2022-12-16 14:13:48.118 [info] > git ls-files --stage -- /home/gabrielardevol/lewagon/lewagon/03-AR-Database/02-SQL-CRUD/02-Read/testzone/test.rb [10ms]
2022-12-16 14:16:06.819 [info] > git config --get commit.template [9ms]
2022-12-16 14:16:06.821 [info] > git for-each-ref --format=%(refname)%00%(upstream:short)%00%(objectname)%00%(upstream:track)%00%(upstream:remotename)%00%(upstream:remoteref) refs/heads/master refs/remotes/master [3ms]
2022-12-16 14:16:06.836 [info] > git for-each-ref --sort -committerdate --format %(refname) %(objectname) %(*objectname) [2ms]
2022-12-16 14:16:06.882 [info] > git status -z -uall [55ms]
2022-12-16 14:16:17.146 [info] > git config --get commit.template [1ms]
2022-12-16 14:16:17.154 [info] > git for-each-ref --format=%(refname)%00%(upstream:short)%00%(objectname)%00%(upstream:track)%00%(upstream:remotename)%00%(upstream:remoteref) refs/heads/master refs/remotes/master [1ms]
2022-12-16 14:16:17.184 [info] > git for-each-ref --sort -committerdate --format %(refname) %(objectname) %(*objectname) [2ms]
2022-12-16 14:16:17.232 [info] > git status -z -uall [68ms]
2022-12-16 14:16:34.476 [info] > git config --get commit.template [2ms]
2022-12-16 14:16:34.487 [info] > git for-each-ref --format=%(refname)%00%(upstream:short)%00%(objectname)%00%(upstream:track)%00%(upstream:remotename)%00%(upstream:remoteref) refs/heads/master refs/remotes/master [1ms]
2022-12-16 14:16:34.502 [info] > git for-each-ref --sort -committerdate --format %(refname) %(objectname) %(*objectname) [1ms]
2022-12-16 14:16:34.544 [info] > git status -z -uall [50ms]
2022-12-16 14:16:39.556 [info] > git config --get commit.template [3ms]
2022-12-16 14:16:39.564 [info] > git for-each-ref --format=%(refname)%00%(upstream:short)%00%(objectname)%00%(upstream:track)%00%(upstream:remotename)%00%(upstream:remoteref) refs/heads/master refs/remotes/master [2ms]
2022-12-16 14:16:39.579 [info] > git for-each-ref --sort -committerdate --format %(refname) %(objectname) %(*objectname) [3ms]
2022-12-16 14:16:39.613 [info] > git status -z -uall [44ms]
2022-12-16 14:16:50.709 [info] > git config --get commit.template [6ms]
2022-12-16 14:16:50.710 [info] > git for-each-ref --format=%(refname)%00%(upstream:short)%00%(objectname)%00%(upstream:track)%00%(upstream:remotename)%00%(upstream:remoteref) refs/heads/master refs/remotes/master [2ms]
2022-12-16 14:16:50.725 [info] > git for-each-ref --sort -committerdate --format %(refname) %(objectname) %(*objectname) [4ms]
2022-12-16 14:16:50.772 [info] > git status -z -uall [57ms]
2022-12-16 14:16:55.788 [info] > git config --get commit.template [6ms]
2022-12-16 14:16:55.789 [info] > git for-each-ref --format=%(refname)%00%(upstream:short)%00%(objectname)%00%(upstream:track)%00%(upstream:remotename)%00%(upstream:remoteref) refs/heads/master refs/remotes/master [2ms]
2022-12-16 14:16:55.809 [info] > git for-each-ref --sort -committerdate --format %(refname) %(objectname) %(*objectname) [8ms]
2022-12-16 14:16:55.849 [info] > git status -z -uall [55ms]
2022-12-16 14:17:12.909 [info] > git config --get commit.template [6ms]
2022-12-16 14:17:12.910 [info] > git for-each-ref --format=%(refname)%00%(upstream:short)%00%(objectname)%00%(upstream:track)%00%(upstream:remotename)%00%(upstream:remoteref) refs/heads/master refs/remotes/master [1ms]
2022-12-16 14:17:12.927 [info] > git for-each-ref --sort -committerdate --format %(refname) %(objectname) %(*objectname) [5ms]
2022-12-16 14:17:12.972 [info] > git status -z -uall [57ms]
2022-12-16 14:17:19.918 [info] > git config --get commit.template [2ms]
2022-12-16 14:17:19.930 [info] > git for-each-ref --format=%(refname)%00%(upstream:short)%00%(objectname)%00%(upstream:track)%00%(upstream:remotename)%00%(upstream:remoteref) refs/heads/master refs/remotes/master [1ms]
2022-12-16 14:17:19.960 [info] > git for-each-ref --sort -committerdate --format %(refname) %(objectname) %(*objectname) [6ms]
2022-12-16 14:17:20.002 [info] > git status -z -uall [65ms]
